2024-11-28 13:29:34 WARN --- [restartedMain] org.springframework.boot.web.servlet.context.AnnotationConfigServletWebServerApplicationContext : Exception encountered during context initialization - cancelling refresh attempt: org.springframework.beans.factory.BeanCreationException: Error creating bean with name 'userController' defined in file [D:\practive_project\testPractice\HomeEbook\target\classes\com\example\ebookdemo\controller\UserController.class]: Post-processing of merged bean definition failed
"2024-11-28 13:30:45 WARN --- [restartedMain] org.springframework.boot.web.servlet.context.AnnotationConfigServletWebServerApplicationContext : Exception encountered during context initialization - cancelling refresh attempt: org.springframework.beans.factory.BeanCreationException: Error creating bean with name 'userController' defined in file [D:\practive_project\testPractice\HomeEbook\target\classes\com\example\ebookdemo\controller\UserController.class]: Post-processing of merged bean definition failed
"2024-11-28 13:35:15 WARN --- [restartedMain] org.springframework.boot.web.servlet.context.AnnotationConfigServletWebServerApplicationContext : Exception encountered during context initialization - cancelling refresh attempt: org.springframework.beans.factory.BeanCreationException: Error creating bean with name 'userController' defined in file [D:\practive_project\testPractice\HomeEbook\target\classes\com\example\ebookdemo\controller\UserController.class]: Post-processing of merged bean definition failed
"2024-11-28 14:42:03 WARN --- [http-nio-8081-exec-10] com.example.ebookdemo.controller.ControllerExceptionHandler : 业务异常：登录名已存在
"2024-11-28 14:42:03 WARN --- [http-nio-8081-exec-10] org.springframework.web.servlet.mvc.method.annotation.ExceptionHandlerExceptionResolver : Resolved [com.example.ebookdemo.exception.BusinessException: 登录名已存在]
"2024-11-28 14:42:08 WARN --- [http-nio-8081-exec-6] com.example.ebookdemo.controller.ControllerExceptionHandler : 业务异常：登录名已存在
"2024-11-28 14:42:08 WARN --- [http-nio-8081-exec-6] org.springframework.web.servlet.mvc.method.annotation.ExceptionHandlerExceptionResolver : Resolved [com.example.ebookdemo.exception.BusinessException: 登录名已存在]
"2024-11-28 14:42:18 WARN --- [http-nio-8081-exec-5] com.example.ebookdemo.controller.ControllerExceptionHandler : 业务异常：登录名已存在
"2024-11-28 14:42:18 WARN --- [http-nio-8081-exec-5] org.springframework.web.servlet.mvc.method.annotation.ExceptionHandlerExceptionResolver : Resolved [com.example.ebookdemo.exception.BusinessException: 登录名已存在]
"2024-11-28 14:42:21 WARN --- [http-nio-8081-exec-1] com.example.ebookdemo.controller.ControllerExceptionHandler : 业务异常：登录名已存在
"2024-11-28 14:42:21 WARN --- [http-nio-8081-exec-1] org.springframework.web.servlet.mvc.method.annotation.ExceptionHandlerExceptionResolver : Resolved [com.example.ebookdemo.exception.BusinessException: 登录名已存在]
"2024-11-28 14:42:34 WARN --- [http-nio-8081-exec-2] com.example.ebookdemo.controller.ControllerExceptionHandler : 业务异常：登录名已存在
"2024-11-28 14:42:34 WARN --- [http-nio-8081-exec-2] org.springframework.web.servlet.mvc.method.annotation.ExceptionHandlerExceptionResolver : Resolved [com.example.ebookdemo.exception.BusinessException: 登录名已存在]
"2024-11-28 14:42:38 WARN --- [http-nio-8081-exec-3] com.example.ebookdemo.controller.ControllerExceptionHandler : 业务异常：登录名已存在
"2024-11-28 14:42:38 WARN --- [http-nio-8081-exec-3] org.springframework.web.servlet.mvc.method.annotation.ExceptionHandlerExceptionResolver : Resolved [com.example.ebookdemo.exception.BusinessException: 登录名已存在]
"2024-11-28 14:45:41 WARN --- [http-nio-8081-exec-1] com.example.ebookdemo.controller.ControllerExceptionHandler : 业务异常：登录名已存在
"2024-11-28 14:45:41 WARN --- [http-nio-8081-exec-1] org.springframework.web.servlet.mvc.method.annotation.ExceptionHandlerExceptionResolver : Resolved [com.example.ebookdemo.exception.BusinessException: 登录名已存在]
"2024-11-28 14:51:47 WARN --- [http-nio-8081-exec-2] com.example.ebookdemo.controller.ControllerExceptionHandler : 业务异常：登录名已存在
"2024-11-28 14:51:47 WARN --- [http-nio-8081-exec-2] org.springframework.web.servlet.mvc.method.annotation.ExceptionHandlerExceptionResolver : Resolved [com.example.ebookdemo.exception.BusinessException: 登录名已存在]
"2024-11-28 14:54:32 WARN --- [http-nio-8081-exec-2] com.example.ebookdemo.controller.ControllerExceptionHandler : 业务异常：登录名已存在
"2024-11-28 14:54:32 WARN --- [http-nio-8081-exec-2] org.springframework.web.servlet.mvc.method.annotation.ExceptionHandlerExceptionResolver : Resolved [com.example.ebookdemo.exception.BusinessException: 登录名已存在]
"2024-11-28 15:02:15 WARN --- [restartedMain] org.springframework.boot.web.servlet.context.AnnotationConfigServletWebServerApplicationContext : Exception encountered during context initialization - cancelling refresh attempt: org.springframework.beans.factory.BeanCreationException: Error creating bean with name 'userController' defined in file [D:\practive_project\testPractice\HomeEbook\target\classes\com\example\ebookdemo\controller\UserController.class]: Post-processing of merged bean definition failed
"2024-11-28 15:52:44 WARN --- [restartedMain] org.springframework.boot.web.servlet.context.AnnotationConfigServletWebServerApplicationContext : Exception encountered during context initialization - cancelling refresh attempt: org.springframework.beans.factory.BeanCreationException: Error creating bean with name 'userController' defined in file [D:\practive_project\testPractice\HomeEbook\target\classes\com\example\ebookdemo\controller\UserController.class]: Post-processing of merged bean definition failed
"2024-11-28 15:53:24 WARN --- [restartedMain] org.springframework.boot.web.servlet.context.AnnotationConfigServletWebServerApplicationContext : Exception encountered during context initialization - cancelling refresh attempt: org.springframework.beans.factory.BeanCreationException: Error creating bean with name 'userController' defined in file [D:\practive_project\testPractice\HomeEbook\target\classes\com\example\ebookdemo\controller\UserController.class]: Post-processing of merged bean definition failed
"2024-11-28 15:54:03 WARN --- [restartedMain] org.springframework.boot.web.servlet.context.AnnotationConfigServletWebServerApplicationContext : Exception encountered during context initialization - cancelling refresh attempt: org.springframework.beans.factory.BeanCreationException: Error creating bean with name 'userController' defined in file [D:\practive_project\testPractice\HomeEbook\target\classes\com\example\ebookdemo\controller\UserController.class]: Post-processing of merged bean definition failed
"2024-11-28 15:54:53 WARN --- [restartedMain] org.springframework.boot.web.servlet.context.AnnotationConfigServletWebServerApplicationContext : Exception encountered during context initialization - cancelling refresh attempt: org.springframework.beans.factory.BeanCreationException: Error creating bean with name 'userController' defined in file [D:\practive_project\testPractice\HomeEbook\target\classes\com\example\ebookdemo\controller\UserController.class]: Post-processing of merged bean definition failed
"2024-11-28 15:55:41 WARN --- [restartedMain] org.springframework.boot.web.servlet.context.AnnotationConfigServletWebServerApplicationContext : Exception encountered during context initialization - cancelling refresh attempt: org.springframework.beans.factory.BeanCreationException: Error creating bean with name 'userController' defined in file [D:\practive_project\testPractice\HomeEbook\target\classes\com\example\ebookdemo\controller\UserController.class]: Post-processing of merged bean definition failed
"