2024-11-18 09:04:13 INFO --- [restartedMain] com.example.ebookdemo.config.EbookDemoApplication : Starting EbookDemoApplication using Java 21.0.1 with PID 19568 (D:\practive_project\testPractice\EbookDemo\target\classes started by e1561 in D:\practive_project\testPractice\EbookDemo)
"2024-11-18 09:04:13 INFO --- [restartedMain] com.example.ebookdemo.config.EbookDemoApplication : No active profile set, falling back to 1 default profile: "default"
"2024-11-18 09:04:13 INFO --- [restartedMain] org.springframework.boot.devtools.env.DevToolsPropertyDefaultsPostProcessor : Devtools property defaults active! Set 'spring.devtools.add-properties' to 'false' to disable
"2024-11-18 09:04:13 INFO --- [restartedMain] org.springframework.boot.devtools.env.DevToolsPropertyDefaultsPostProcessor : For additional web related logging consider setting the 'logging.level.web' property to 'DEBUG'
"2024-11-18 09:04:14 INFO --- [restartedMain] org.springframework.boot.web.embedded.tomcat.TomcatWebServer : Tomcat initialized with port 8081 (http)
"2024-11-18 09:04:14 INFO --- [restartedMain] org.apache.catalina.core.StandardService : Starting service [Tomcat]
"2024-11-18 09:04:14 INFO --- [restartedMain] org.apache.catalina.core.StandardEngine : Starting Servlet engine: [Apache Tomcat/10.1.31]
"2024-11-18 09:04:14 INFO --- [restartedMain] org.apache.catalina.core.ContainerBase.[Tomcat].[localhost].[/] : Initializing Spring embedded WebApplicationContext
"2024-11-18 09:04:14 INFO --- [restartedMain] org.springframework.boot.web.servlet.context.ServletWebServerApplicationContext : Root WebApplicationContext: initialization completed in 878 ms
"2024-11-18 09:04:15 INFO --- [restartedMain] org.springframework.boot.devtools.autoconfigure.OptionalLiveReloadServer : LiveReload server is running on port 35729
"2024-11-18 09:04:15 INFO --- [restartedMain] org.springframework.boot.web.embedded.tomcat.TomcatWebServer : Tomcat started on port 8081 (http) with context path ''
"2024-11-18 09:04:15 INFO --- [restartedMain] com.example.ebookdemo.config.EbookDemoApplication : Started EbookDemoApplication in 1.817 seconds (process running for 2.503)
"2024-11-18 09:04:15 INFO --- [restartedMain] com.example.ebookdemo.config.EbookDemoApplication : 启动成功！！
"2024-11-18 09:04:15 INFO --- [restartedMain] com.example.ebookdemo.config.EbookDemoApplication : 地址: 	http://127.0.0.1:8081
"2024-11-18 09:04:45 INFO --- [http-nio-8081-exec-1] org.apache.catalina.core.ContainerBase.[Tomcat].[localhost].[/] : Initializing Spring DispatcherServlet 'dispatcherServlet'
"2024-11-18 09:04:45 INFO --- [http-nio-8081-exec-1] org.springframework.web.servlet.DispatcherServlet : Initializing Servlet 'dispatcherServlet'
"2024-11-18 09:04:45 INFO --- [http-nio-8081-exec-1] org.springframework.web.servlet.DispatcherServlet : Completed initialization in 0 ms
"2024-11-18 09:04:45 INFO --- [http-nio-8081-exec-1] com.example.ebookdemo.aspect.LogAspect : ------------- 开始 -------------
"2024-11-18 09:04:45 INFO --- [http-nio-8081-exec-1] com.example.ebookdemo.aspect.LogAspect : aop请求地址: http://127.0.0.1:8081/ebook/lists GET
"2024-11-18 09:04:45 INFO --- [http-nio-8081-exec-1] com.example.ebookdemo.aspect.LogAspect : aop类名方法: com.example.ebookdemo.controller.EbookController.allList
"2024-11-18 09:04:45 INFO --- [http-nio-8081-exec-1] com.example.ebookdemo.aspect.LogAspect : aop远程地址: 127.0.0.1
"2024-11-18 09:04:45 INFO --- [http-nio-8081-exec-1] com.example.ebookdemo.aspect.LogAspect : aop请求参数: [{}]
"2024-11-18 09:04:45 INFO --- [http-nio-8081-exec-1] com.zaxxer.hikari.HikariDataSource : HikariPool-1 - Starting...
"2024-11-18 09:04:45 INFO --- [http-nio-8081-exec-1] com.zaxxer.hikari.pool.HikariPool : HikariPool-1 - Added connection com.mysql.cj.jdbc.ConnectionImpl@194e2c6f
"2024-11-18 09:04:45 INFO --- [http-nio-8081-exec-1] com.zaxxer.hikari.HikariDataSource : HikariPool-1 - Start completed.
"2024-11-18 09:04:45 INFO --- [http-nio-8081-exec-1] com.example.ebookdemo.aspect.LogAspect : aop返回结果: {"content":[{"cover":"/image/cover1.jpg","description":"零基础入门Java开发，企业级应用开发最佳首选框架","id":1,"name":"spring boot 入门教程"},{"cover":"/image/cover2.jpg","description":"前端框架，页面展示，让程序员只关心数据的交互，不在乎与样式的调整","id":2,"name":"vue 入门教程"},{"cover":"/image/cover3.jpg","description":"了解数据库，对于数据的更加深层次的操作","id":3,"name":"mybatis 入门教程"},{"cover":"/image/cover4.jpg","description":"改革开放以后，对于老一辈手札的学习，还有自己的实践","id":4,"name":"鬼吹灯"},{"cover":"/image/cover1.jpg","description":"鬼故事，一笔笔深入人心的盗墓笔记","id":5,"name":"盗墓笔记"},{"cover":"/image/cover3.jpg","description":"让小白明白金融，理解经济形势发展","id":6,"name":"CFA"},{"cover":"/image/cover2.jpg","description":"计算机算法类零基础学习","id":7,"name":"算法工程师"},{"cover":"/image/cover4.jpg","description":"打开自己的心扉，明白哪些自己需要和不需要","id":8,"name":"断舍离"},{"cover":"/image/cover2.jpg","description":"解忧故事丛书","id":9,"name":"解忧杂货铺"},{"cover":"/image/cover3.jpg","description":"侦探类小说，悬疑调查类","id":10,"name":"白夜行"}],"success":true}
"2024-11-18 09:04:45 INFO --- [http-nio-8081-exec-1] com.example.ebookdemo.aspect.LogAspect : ------------- aop结束 耗时：360 ms -------------
"