2024-11-27 00:00:16 DEBUG --- [HikariPool-1 housekeeper] com.zaxxer.hikari.pool.HikariPool : HikariPool-1 - Pool stats (total=10, active=0, idle=10, waiting=0)
"2024-11-27 00:00:16 DEBUG --- [HikariPool-1 housekeeper] com.zaxxer.hikari.pool.HikariPool : HikariPool-1 - Fill pool skipped, pool has sufficient level or currently being filled (queueDepth=0).
"2024-11-27 00:00:46 DEBUG --- [HikariPool-1 housekeeper] com.zaxxer.hikari.pool.HikariPool : HikariPool-1 - Pool stats (total=10, active=0, idle=10, waiting=0)
"2024-11-27 00:00:46 DEBUG --- [HikariPool-1 housekeeper] com.zaxxer.hikari.pool.HikariPool : HikariPool-1 - Fill pool skipped, pool has sufficient level or currently being filled (queueDepth=0).
"2024-11-27 00:01:16 DEBUG --- [HikariPool-1 housekeeper] com.zaxxer.hikari.pool.HikariPool : HikariPool-1 - Pool stats (total=10, active=0, idle=10, waiting=0)
"2024-11-27 00:01:16 DEBUG --- [HikariPool-1 housekeeper] com.zaxxer.hikari.pool.HikariPool : HikariPool-1 - Fill pool skipped, pool has sufficient level or currently being filled (queueDepth=0).
"2024-11-27 00:01:46 DEBUG --- [HikariPool-1 housekeeper] com.zaxxer.hikari.pool.HikariPool : HikariPool-1 - Pool stats (total=10, active=0, idle=10, waiting=0)
"2024-11-27 00:01:46 DEBUG --- [HikariPool-1 housekeeper] com.zaxxer.hikari.pool.HikariPool : HikariPool-1 - Fill pool skipped, pool has sufficient level or currently being filled (queueDepth=0).
"2024-11-27 00:02:16 DEBUG --- [HikariPool-1 housekeeper] com.zaxxer.hikari.pool.HikariPool : HikariPool-1 - Pool stats (total=10, active=0, idle=10, waiting=0)
"2024-11-27 00:02:16 DEBUG --- [HikariPool-1 housekeeper] com.zaxxer.hikari.pool.HikariPool : HikariPool-1 - Fill pool skipped, pool has sufficient level or currently being filled (queueDepth=0).
"2024-11-27 00:02:46 DEBUG --- [HikariPool-1 housekeeper] com.zaxxer.hikari.pool.HikariPool : HikariPool-1 - Pool stats (total=10, active=0, idle=10, waiting=0)
"2024-11-27 00:02:46 DEBUG --- [HikariPool-1 housekeeper] com.zaxxer.hikari.pool.HikariPool : HikariPool-1 - Fill pool skipped, pool has sufficient level or currently being filled (queueDepth=0).
"2024-11-27 00:03:16 DEBUG --- [HikariPool-1 housekeeper] com.zaxxer.hikari.pool.HikariPool : HikariPool-1 - Pool stats (total=10, active=0, idle=10, waiting=0)
"2024-11-27 00:03:16 DEBUG --- [HikariPool-1 housekeeper] com.zaxxer.hikari.pool.HikariPool : HikariPool-1 - Fill pool skipped, pool has sufficient level or currently being filled (queueDepth=0).
"2024-11-27 00:03:46 DEBUG --- [HikariPool-1 housekeeper] com.zaxxer.hikari.pool.HikariPool : HikariPool-1 - Pool stats (total=10, active=0, idle=10, waiting=0)
"2024-11-27 00:03:46 DEBUG --- [HikariPool-1 housekeeper] com.zaxxer.hikari.pool.HikariPool : HikariPool-1 - Fill pool skipped, pool has sufficient level or currently being filled (queueDepth=0).
"2024-11-27 00:04:16 DEBUG --- [HikariPool-1 housekeeper] com.zaxxer.hikari.pool.HikariPool : HikariPool-1 - Pool stats (total=10, active=0, idle=10, waiting=0)
"2024-11-27 00:04:16 DEBUG --- [HikariPool-1 housekeeper] com.zaxxer.hikari.pool.HikariPool : HikariPool-1 - Fill pool skipped, pool has sufficient level or currently being filled (queueDepth=0).
"2024-11-27 00:04:46 DEBUG --- [HikariPool-1 housekeeper] com.zaxxer.hikari.pool.HikariPool : HikariPool-1 - Pool stats (total=10, active=0, idle=10, waiting=0)
"2024-11-27 00:04:46 DEBUG --- [HikariPool-1 housekeeper] com.zaxxer.hikari.pool.HikariPool : HikariPool-1 - Fill pool skipped, pool has sufficient level or currently being filled (queueDepth=0).
"2024-11-27 00:05:16 DEBUG --- [HikariPool-1 housekeeper] com.zaxxer.hikari.pool.HikariPool : HikariPool-1 - Pool stats (total=10, active=0, idle=10, waiting=0)
"2024-11-27 00:05:16 DEBUG --- [HikariPool-1 housekeeper] com.zaxxer.hikari.pool.HikariPool : HikariPool-1 - Fill pool skipped, pool has sufficient level or currently being filled (queueDepth=0).
"2024-11-27 00:05:46 DEBUG --- [HikariPool-1 housekeeper] com.zaxxer.hikari.pool.HikariPool : HikariPool-1 - Pool stats (total=10, active=0, idle=10, waiting=0)
"2024-11-27 00:05:46 DEBUG --- [HikariPool-1 housekeeper] com.zaxxer.hikari.pool.HikariPool : HikariPool-1 - Fill pool skipped, pool has sufficient level or currently being filled (queueDepth=0).
"2024-11-27 00:06:16 DEBUG --- [HikariPool-1 housekeeper] com.zaxxer.hikari.pool.HikariPool : HikariPool-1 - Pool stats (total=10, active=0, idle=10, waiting=0)
"2024-11-27 00:06:16 DEBUG --- [HikariPool-1 housekeeper] com.zaxxer.hikari.pool.HikariPool : HikariPool-1 - Fill pool skipped, pool has sufficient level or currently being filled (queueDepth=0).
"2024-11-27 00:06:46 DEBUG --- [HikariPool-1 housekeeper] com.zaxxer.hikari.pool.HikariPool : HikariPool-1 - Pool stats (total=10, active=0, idle=10, waiting=0)
"2024-11-27 00:06:46 DEBUG --- [HikariPool-1 housekeeper] com.zaxxer.hikari.pool.HikariPool : HikariPool-1 - Fill pool skipped, pool has sufficient level or currently being filled (queueDepth=0).
"2024-11-27 00:07:16 DEBUG --- [HikariPool-1 housekeeper] com.zaxxer.hikari.pool.HikariPool : HikariPool-1 - Pool stats (total=10, active=0, idle=10, waiting=0)
"2024-11-27 00:07:16 DEBUG --- [HikariPool-1 housekeeper] com.zaxxer.hikari.pool.HikariPool : HikariPool-1 - Fill pool skipped, pool has sufficient level or currently being filled (queueDepth=0).
"2024-11-27 00:07:46 DEBUG --- [HikariPool-1 housekeeper] com.zaxxer.hikari.pool.HikariPool : HikariPool-1 - Pool stats (total=10, active=0, idle=10, waiting=0)
"2024-11-27 00:07:46 DEBUG --- [HikariPool-1 housekeeper] com.zaxxer.hikari.pool.HikariPool : HikariPool-1 - Fill pool skipped, pool has sufficient level or currently being filled (queueDepth=0).
"2024-11-27 00:08:16 DEBUG --- [HikariPool-1 housekeeper] com.zaxxer.hikari.pool.HikariPool : HikariPool-1 - Pool stats (total=10, active=0, idle=10, waiting=0)
"2024-11-27 00:08:16 DEBUG --- [HikariPool-1 housekeeper] com.zaxxer.hikari.pool.HikariPool : HikariPool-1 - Fill pool skipped, pool has sufficient level or currently being filled (queueDepth=0).
"2024-11-27 00:08:23 DEBUG --- [SIGINT handler] java.lang.Runtime : Runtime.exit() called with status: 130
" java.lang.Throwable: Runtime.exit(130)
	at java.base/java.lang.Shutdown.logRuntimeExit(Shutdown.java:179) ~[?:?]
	at java.base/java.lang.Shutdown.exit(Shutdown.java:160) ~[?:?]
	at java.base/java.lang.Terminator$1.handle(Terminator.java:51) ~[?:?]
	at java.base/jdk.internal.misc.Signal$1.run(Signal.java:218) ~[?:?]
	at java.base/java.lang.Thread.run(Thread.java:1583) [?:?]
2024-11-27 00:08:23 DEBUG --- [SpringApplicationShutdownHook] org.springframework.boot.availability.ApplicationAvailabilityBean : Application availability state ReadinessState changed from ACCEPTING_TRAFFIC to REFUSING_TRAFFIC
"2024-11-27 00:08:23 DEBUG --- [SpringApplicationShutdownHook] org.springframework.boot.web.servlet.context.AnnotationConfigServletWebServerApplicationContext : Closing org.springframework.boot.web.servlet.context.AnnotationConfigServletWebServerApplicationContext@36c31555, started on Tue Nov 26 22:20:52 CST 2024
"2024-11-27 00:08:23 DEBUG --- [SpringApplicationShutdownHook] org.springframework.context.support.DefaultLifecycleProcessor : Stopping beans in phase 2147483647
"2024-11-27 00:08:23 DEBUG --- [SpringApplicationShutdownHook] org.springframework.context.support.DefaultLifecycleProcessor : Bean 'applicationTaskExecutor' completed its stop procedure
"2024-11-27 00:08:23 DEBUG --- [SpringApplicationShutdownHook] org.springframework.context.support.DefaultLifecycleProcessor : Stopping beans in phase 2147482623
"2024-11-27 00:08:23 DEBUG --- [SpringApplicationShutdownHook] org.springframework.context.support.DefaultLifecycleProcessor : Bean 'webServerGracefulShutdown' completed its stop procedure
"2024-11-27 00:08:23 DEBUG --- [SpringApplicationShutdownHook] org.springframework.context.support.DefaultLifecycleProcessor : Stopping beans in phase 2147481599
"2024-11-27 00:08:23 DEBUG --- [SpringApplicationShutdownHook] org.springframework.context.support.DefaultLifecycleProcessor : Bean 'webServerStartStop' completed its stop procedure
"2024-11-27 00:08:23 DEBUG --- [SpringApplicationShutdownHook] org.springframework.context.support.DefaultLifecycleProcessor : Stopping beans in phase -2147483647
"2024-11-27 00:08:23 DEBUG --- [SpringApplicationShutdownHook] org.springframework.context.support.DefaultLifecycleProcessor : Bean 'springBootLoggingLifecycle' completed its stop procedure
"2024-11-27 00:08:23 DEBUG --- [SpringApplicationShutdownHook] org.springframework.jmx.export.annotation.AnnotationMBeanExporter : Unregistering JMX-exposed beans on shutdown
"2024-11-27 00:08:23 DEBUG --- [SpringApplicationShutdownHook] org.springframework.jmx.export.annotation.AnnotationMBeanExporter : Unregistering JMX-exposed beans
"2024-11-27 00:08:23 DEBUG --- [SpringApplicationShutdownHook] org.springframework.scheduling.concurrent.ThreadPoolTaskExecutor : Shutting down ExecutorService 'applicationTaskExecutor'
"2024-11-27 00:08:23 DEBUG --- [SpringApplicationShutdownHook] com.zaxxer.hikari.pool.HikariPool : HikariPool-1 - Before shutdown stats (total=10, active=0, idle=10, waiting=0)
"2024-11-27 00:08:23 DEBUG --- [HikariPool-1 connection closer] com.zaxxer.hikari.pool.PoolBase : HikariPool-1 - Closing connection com.mysql.cj.jdbc.ConnectionImpl@501a2e6d: (connection evicted)
"2024-11-27 00:08:23 DEBUG --- [HikariPool-1 connection closer] com.zaxxer.hikari.pool.PoolBase : HikariPool-1 - Closing connection com.mysql.cj.jdbc.ConnectionImpl@11272456: (connection evicted)
"2024-11-27 00:08:23 DEBUG --- [HikariPool-1 connection closer] com.zaxxer.hikari.pool.PoolBase : HikariPool-1 - Closing connection com.mysql.cj.jdbc.ConnectionImpl@207c7556: (connection evicted)
"2024-11-27 00:08:23 DEBUG --- [HikariPool-1 connection closer] com.zaxxer.hikari.pool.PoolBase : HikariPool-1 - Closing connection com.mysql.cj.jdbc.ConnectionImpl@21a3965c: (connection evicted)
"2024-11-27 00:08:23 DEBUG --- [HikariPool-1 connection closer] com.zaxxer.hikari.pool.PoolBase : HikariPool-1 - Closing connection com.mysql.cj.jdbc.ConnectionImpl@8ead39c: (connection evicted)
"2024-11-27 00:08:23 DEBUG --- [HikariPool-1 connection closer] com.zaxxer.hikari.pool.PoolBase : HikariPool-1 - Closing connection com.mysql.cj.jdbc.ConnectionImpl@49d7d9a7: (connection evicted)
"2024-11-27 00:08:23 DEBUG --- [HikariPool-1 connection closer] com.zaxxer.hikari.pool.PoolBase : HikariPool-1 - Closing connection com.mysql.cj.jdbc.ConnectionImpl@2c878090: (connection evicted)
"2024-11-27 00:08:23 DEBUG --- [HikariPool-1 connection closer] com.zaxxer.hikari.pool.PoolBase : HikariPool-1 - Closing connection com.mysql.cj.jdbc.ConnectionImpl@3f327d1f: (connection evicted)
"2024-11-27 00:08:23 DEBUG --- [HikariPool-1 connection closer] com.zaxxer.hikari.pool.PoolBase : HikariPool-1 - Closing connection com.mysql.cj.jdbc.ConnectionImpl@34d248f5: (connection evicted)
"2024-11-27 00:08:23 DEBUG --- [HikariPool-1 connection closer] com.zaxxer.hikari.pool.PoolBase : HikariPool-1 - Closing connection com.mysql.cj.jdbc.ConnectionImpl@e6a3820: (connection evicted)
"2024-11-27 00:08:23 DEBUG --- [SpringApplicationShutdownHook] com.zaxxer.hikari.pool.HikariPool : HikariPool-1 - After shutdown stats (total=0, active=0, idle=0, waiting=0)
"