2024-11-14 15:18:44 INFO --- [main] com.example.ebookdemo.config.EbookDemoApplication : Starting EbookDemoApplication using Java 21.0.1 with PID 3152 (D:\practive_project\testPractice\EbookDemo\target\classes started by e1561 in D:\practive_project\testPractice\EbookDemo)
"2024-11-14 15:18:44 INFO --- [main] com.example.ebookdemo.config.EbookDemoApplication : No active profile set, falling back to 1 default profile: "default"
"2024-11-14 15:18:45 INFO --- [main] org.springframework.boot.web.embedded.tomcat.TomcatWebServer : Tomcat initialized with port 8081 (http)
"2024-11-14 15:18:45 INFO --- [main] org.apache.catalina.core.StandardService : Starting service [Tomcat]
"2024-11-14 15:18:45 INFO --- [main] org.apache.catalina.core.StandardEngine : Starting Servlet engine: [Apache Tomcat/10.1.31]
"2024-11-14 15:18:45 INFO --- [main] org.apache.catalina.core.ContainerBase.[Tomcat].[localhost].[/] : Initializing Spring embedded WebApplicationContext
"2024-11-14 15:18:45 INFO --- [main] org.springframework.boot.web.servlet.context.ServletWebServerApplicationContext : Root WebApplicationContext: initialization completed in 741 ms
"2024-11-14 15:18:45 INFO --- [main] org.apache.catalina.core.StandardService : Stopping service [Tomcat]
"2024-11-14 15:19:41 INFO --- [main] com.example.ebookdemo.config.EbookDemoApplication : Starting EbookDemoApplication using Java 21.0.1 with PID 26392 (D:\practive_project\testPractice\EbookDemo\target\classes started by e1561 in D:\practive_project\testPractice\EbookDemo)
"2024-11-14 15:19:41 INFO --- [main] com.example.ebookdemo.config.EbookDemoApplication : No active profile set, falling back to 1 default profile: "default"
"2024-11-14 15:19:42 INFO --- [main] org.springframework.boot.web.embedded.tomcat.TomcatWebServer : Tomcat initialized with port 8081 (http)
"2024-11-14 15:19:42 INFO --- [main] org.apache.catalina.core.StandardService : Starting service [Tomcat]
"2024-11-14 15:19:42 INFO --- [main] org.apache.catalina.core.StandardEngine : Starting Servlet engine: [Apache Tomcat/10.1.31]
"2024-11-14 15:19:42 INFO --- [main] org.apache.catalina.core.ContainerBase.[Tomcat].[localhost].[/] : Initializing Spring embedded WebApplicationContext
"2024-11-14 15:19:42 INFO --- [main] org.springframework.boot.web.servlet.context.ServletWebServerApplicationContext : Root WebApplicationContext: initialization completed in 480 ms
"2024-11-14 15:19:42 INFO --- [main] org.springframework.boot.web.embedded.tomcat.TomcatWebServer : Tomcat started on port 8081 (http) with context path ''
"2024-11-14 15:19:42 INFO --- [main] com.example.ebookdemo.config.EbookDemoApplication : Started EbookDemoApplication in 1.021 seconds (process running for 1.497)
"2024-11-14 15:19:42 INFO --- [main] com.example.ebookdemo.config.EbookDemoApplication : 启动成功！！
"2024-11-14 15:19:42 INFO --- [main] com.example.ebookdemo.config.EbookDemoApplication : 地址: 	http://127.0.0.1:8081
"2024-11-14 15:19:47 INFO --- [http-nio-8081-exec-1] org.apache.catalina.core.ContainerBase.[Tomcat].[localhost].[/] : Initializing Spring DispatcherServlet 'dispatcherServlet'
"2024-11-14 15:19:47 INFO --- [http-nio-8081-exec-1] org.springframework.web.servlet.DispatcherServlet : Initializing Servlet 'dispatcherServlet'
"2024-11-14 15:19:47 INFO --- [http-nio-8081-exec-1] org.springframework.web.servlet.DispatcherServlet : Completed initialization in 2 ms
"2024-11-14 15:20:01 INFO --- [main] com.example.ebookdemo.config.EbookDemoApplication : Starting EbookDemoApplication using Java 21.0.1 with PID 7888 (D:\practive_project\testPractice\EbookDemo\target\classes started by e1561 in D:\practive_project\testPractice\EbookDemo)
"2024-11-14 15:20:01 INFO --- [main] com.example.ebookdemo.config.EbookDemoApplication : No active profile set, falling back to 1 default profile: "default"
"2024-11-14 15:20:02 INFO --- [main] org.springframework.boot.web.embedded.tomcat.TomcatWebServer : Tomcat initialized with port 8081 (http)
"2024-11-14 15:20:02 INFO --- [main] org.apache.catalina.core.StandardService : Starting service [Tomcat]
"2024-11-14 15:20:02 INFO --- [main] org.apache.catalina.core.StandardEngine : Starting Servlet engine: [Apache Tomcat/10.1.31]
"2024-11-14 15:20:02 INFO --- [main] org.apache.catalina.core.ContainerBase.[Tomcat].[localhost].[/] : Initializing Spring embedded WebApplicationContext
"2024-11-14 15:20:02 INFO --- [main] org.springframework.boot.web.servlet.context.ServletWebServerApplicationContext : Root WebApplicationContext: initialization completed in 529 ms
"2024-11-14 15:20:02 INFO --- [main] org.apache.catalina.core.StandardService : Stopping service [Tomcat]
"2024-11-14 15:25:44 INFO --- [main] com.example.ebookdemo.config.EbookDemoApplication : Starting EbookDemoApplication using Java 21.0.1 with PID 26356 (D:\practive_project\testPractice\EbookDemo\target\classes started by e1561 in D:\practive_project\testPractice\EbookDemo)
"2024-11-14 15:25:44 INFO --- [main] com.example.ebookdemo.config.EbookDemoApplication : No active profile set, falling back to 1 default profile: "default"
"2024-11-14 15:25:44 INFO --- [main] org.springframework.boot.web.embedded.tomcat.TomcatWebServer : Tomcat initialized with port 8081 (http)
"2024-11-14 15:25:44 INFO --- [main] org.apache.catalina.core.StandardService : Starting service [Tomcat]
"2024-11-14 15:25:44 INFO --- [main] org.apache.catalina.core.StandardEngine : Starting Servlet engine: [Apache Tomcat/10.1.31]
"2024-11-14 15:25:44 INFO --- [main] org.apache.catalina.core.ContainerBase.[Tomcat].[localhost].[/] : Initializing Spring embedded WebApplicationContext
"2024-11-14 15:25:44 INFO --- [main] org.springframework.boot.web.servlet.context.ServletWebServerApplicationContext : Root WebApplicationContext: initialization completed in 522 ms
"2024-11-14 15:25:45 INFO --- [main] org.springframework.boot.web.embedded.tomcat.TomcatWebServer : Tomcat started on port 8081 (http) with context path ''
"2024-11-14 15:25:45 INFO --- [main] com.example.ebookdemo.config.EbookDemoApplication : Started EbookDemoApplication in 1.068 seconds (process running for 1.621)
"2024-11-14 15:25:45 INFO --- [main] com.example.ebookdemo.config.EbookDemoApplication : 启动成功！！
"2024-11-14 15:25:45 INFO --- [main] com.example.ebookdemo.config.EbookDemoApplication : 地址: 	http://127.0.0.1:8081
"2024-11-14 15:27:53 INFO --- [http-nio-8081-exec-1] org.apache.catalina.core.ContainerBase.[Tomcat].[localhost].[/] : Initializing Spring DispatcherServlet 'dispatcherServlet'
"2024-11-14 15:27:53 INFO --- [http-nio-8081-exec-1] org.springframework.web.servlet.DispatcherServlet : Initializing Servlet 'dispatcherServlet'
"2024-11-14 15:27:53 INFO --- [http-nio-8081-exec-1] org.springframework.web.servlet.DispatcherServlet : Completed initialization in 2 ms
"2024-11-14 15:27:53 INFO --- [http-nio-8081-exec-1] com.zaxxer.hikari.HikariDataSource : HikariPool-1 - Starting...
"2024-11-14 15:27:54 INFO --- [http-nio-8081-exec-1] com.zaxxer.hikari.pool.HikariPool : HikariPool-1 - Added connection com.mysql.cj.jdbc.ConnectionImpl@5075d05
"2024-11-14 15:27:54 INFO --- [http-nio-8081-exec-1] com.zaxxer.hikari.HikariDataSource : HikariPool-1 - Start completed.
"2024-11-14 15:55:15 INFO --- [SpringApplicationShutdownHook] com.zaxxer.hikari.HikariDataSource : HikariPool-1 - Shutdown initiated...
"2024-11-14 15:55:15 INFO --- [SpringApplicationShutdownHook] com.zaxxer.hikari.HikariDataSource : HikariPool-1 - Shutdown completed.
"2024-11-14 15:55:17 INFO --- [main] com.example.ebookdemo.config.EbookDemoApplication : Starting EbookDemoApplication using Java 21.0.1 with PID 19220 (D:\practive_project\testPractice\EbookDemo\target\classes started by e1561 in D:\practive_project\testPractice\EbookDemo)
"2024-11-14 15:55:17 INFO --- [main] com.example.ebookdemo.config.EbookDemoApplication : No active profile set, falling back to 1 default profile: "default"
"2024-11-14 15:55:17 INFO --- [main] org.springframework.boot.web.embedded.tomcat.TomcatWebServer : Tomcat initialized with port 8081 (http)
"2024-11-14 15:55:17 INFO --- [main] org.apache.catalina.core.StandardService : Starting service [Tomcat]
"2024-11-14 15:55:17 INFO --- [main] org.apache.catalina.core.StandardEngine : Starting Servlet engine: [Apache Tomcat/10.1.31]
"2024-11-14 15:55:17 INFO --- [main] org.apache.catalina.core.ContainerBase.[Tomcat].[localhost].[/] : Initializing Spring embedded WebApplicationContext
"2024-11-14 15:55:17 INFO --- [main] org.springframework.boot.web.servlet.context.ServletWebServerApplicationContext : Root WebApplicationContext: initialization completed in 490 ms
"2024-11-14 15:55:18 INFO --- [main] org.springframework.boot.web.embedded.tomcat.TomcatWebServer : Tomcat started on port 8081 (http) with context path ''
"2024-11-14 15:55:18 INFO --- [main] com.example.ebookdemo.config.EbookDemoApplication : Started EbookDemoApplication in 1.042 seconds (process running for 1.505)
"2024-11-14 15:55:18 INFO --- [main] com.example.ebookdemo.config.EbookDemoApplication : 启动成功！！
"2024-11-14 15:55:18 INFO --- [main] com.example.ebookdemo.config.EbookDemoApplication : 地址: 	http://127.0.0.1:8081
"2024-11-14 15:55:39 INFO --- [http-nio-8081-exec-1] org.apache.catalina.core.ContainerBase.[Tomcat].[localhost].[/] : Initializing Spring DispatcherServlet 'dispatcherServlet'
"2024-11-14 15:55:39 INFO --- [http-nio-8081-exec-1] org.springframework.web.servlet.DispatcherServlet : Initializing Servlet 'dispatcherServlet'
"2024-11-14 15:55:39 INFO --- [http-nio-8081-exec-1] org.springframework.web.servlet.DispatcherServlet : Completed initialization in 1 ms
"2024-11-14 15:55:39 INFO --- [http-nio-8081-exec-1] com.zaxxer.hikari.HikariDataSource : HikariPool-1 - Starting...
"2024-11-14 15:55:39 INFO --- [http-nio-8081-exec-1] com.zaxxer.hikari.pool.HikariPool : HikariPool-1 - Added connection com.mysql.cj.jdbc.ConnectionImpl@200c8c8f
"2024-11-14 15:55:39 INFO --- [http-nio-8081-exec-1] com.zaxxer.hikari.HikariDataSource : HikariPool-1 - Start completed.
"2024-11-14 16:01:39 INFO --- [SpringApplicationShutdownHook] com.zaxxer.hikari.HikariDataSource : HikariPool-1 - Shutdown initiated...
"2024-11-14 16:01:39 INFO --- [SpringApplicationShutdownHook] com.zaxxer.hikari.HikariDataSource : HikariPool-1 - Shutdown completed.
"2024-11-14 16:01:40 INFO --- [main] com.example.ebookdemo.config.EbookDemoApplication : Starting EbookDemoApplication using Java 21.0.1 with PID 6808 (D:\practive_project\testPractice\EbookDemo\target\classes started by e1561 in D:\practive_project\testPractice\EbookDemo)
"2024-11-14 16:01:40 INFO --- [main] com.example.ebookdemo.config.EbookDemoApplication : No active profile set, falling back to 1 default profile: "default"
"2024-11-14 16:01:41 INFO --- [main] org.springframework.boot.web.embedded.tomcat.TomcatWebServer : Tomcat initialized with port 8081 (http)
"2024-11-14 16:01:41 INFO --- [main] org.apache.catalina.core.StandardService : Starting service [Tomcat]
"2024-11-14 16:01:41 INFO --- [main] org.apache.catalina.core.StandardEngine : Starting Servlet engine: [Apache Tomcat/10.1.31]
"2024-11-14 16:01:41 INFO --- [main] org.apache.catalina.core.ContainerBase.[Tomcat].[localhost].[/] : Initializing Spring embedded WebApplicationContext
"2024-11-14 16:01:41 INFO --- [main] org.springframework.boot.web.servlet.context.ServletWebServerApplicationContext : Root WebApplicationContext: initialization completed in 542 ms
"2024-11-14 16:01:41 INFO --- [main] org.springframework.boot.web.embedded.tomcat.TomcatWebServer : Tomcat started on port 8081 (http) with context path ''
"2024-11-14 16:01:41 INFO --- [main] com.example.ebookdemo.config.EbookDemoApplication : Started EbookDemoApplication in 1.131 seconds (process running for 1.605)
"2024-11-14 16:01:41 INFO --- [main] com.example.ebookdemo.config.EbookDemoApplication : 启动成功！！
"2024-11-14 16:01:41 INFO --- [main] com.example.ebookdemo.config.EbookDemoApplication : 地址: 	http://127.0.0.1:8081
"2024-11-14 16:01:44 INFO --- [http-nio-8081-exec-1] org.apache.catalina.core.ContainerBase.[Tomcat].[localhost].[/] : Initializing Spring DispatcherServlet 'dispatcherServlet'
"2024-11-14 16:01:44 INFO --- [http-nio-8081-exec-1] org.springframework.web.servlet.DispatcherServlet : Initializing Servlet 'dispatcherServlet'
"2024-11-14 16:01:44 INFO --- [http-nio-8081-exec-1] org.springframework.web.servlet.DispatcherServlet : Completed initialization in 1 ms
"2024-11-14 16:01:44 INFO --- [http-nio-8081-exec-1] com.zaxxer.hikari.HikariDataSource : HikariPool-1 - Starting...
"2024-11-14 16:01:44 INFO --- [http-nio-8081-exec-1] com.zaxxer.hikari.pool.HikariPool : HikariPool-1 - Added connection com.mysql.cj.jdbc.ConnectionImpl@2fc97489
"2024-11-14 16:01:44 INFO --- [http-nio-8081-exec-1] com.zaxxer.hikari.HikariDataSource : HikariPool-1 - Start completed.
"2024-11-14 16:04:48 INFO --- [SpringApplicationShutdownHook] com.zaxxer.hikari.HikariDataSource : HikariPool-1 - Shutdown initiated...
"2024-11-14 16:04:48 INFO --- [SpringApplicationShutdownHook] com.zaxxer.hikari.HikariDataSource : HikariPool-1 - Shutdown completed.
"2024-11-14 16:04:50 INFO --- [main] com.example.ebookdemo.config.EbookDemoApplication : Starting EbookDemoApplication using Java 21.0.1 with PID 26180 (D:\practive_project\testPractice\EbookDemo\target\classes started by e1561 in D:\practive_project\testPractice\EbookDemo)
"2024-11-14 16:04:50 INFO --- [main] com.example.ebookdemo.config.EbookDemoApplication : No active profile set, falling back to 1 default profile: "default"
"2024-11-14 16:04:50 INFO --- [main] org.springframework.boot.web.embedded.tomcat.TomcatWebServer : Tomcat initialized with port 8081 (http)
"2024-11-14 16:04:50 INFO --- [main] org.apache.catalina.core.StandardService : Starting service [Tomcat]
"2024-11-14 16:04:50 INFO --- [main] org.apache.catalina.core.StandardEngine : Starting Servlet engine: [Apache Tomcat/10.1.31]
"2024-11-14 16:04:50 INFO --- [main] org.apache.catalina.core.ContainerBase.[Tomcat].[localhost].[/] : Initializing Spring embedded WebApplicationContext
"2024-11-14 16:04:50 INFO --- [main] org.springframework.boot.web.servlet.context.ServletWebServerApplicationContext : Root WebApplicationContext: initialization completed in 547 ms
"2024-11-14 16:04:50 INFO --- [main] org.springframework.boot.web.embedded.tomcat.TomcatWebServer : Tomcat started on port 8081 (http) with context path ''
"2024-11-14 16:04:50 INFO --- [main] com.example.ebookdemo.config.EbookDemoApplication : Started EbookDemoApplication in 1.131 seconds (process running for 1.596)
"2024-11-14 16:04:50 INFO --- [main] com.example.ebookdemo.config.EbookDemoApplication : 启动成功！！
"2024-11-14 16:04:50 INFO --- [main] com.example.ebookdemo.config.EbookDemoApplication : 地址: 	http://127.0.0.1:8081
"2024-11-14 16:05:10 INFO --- [http-nio-8081-exec-1] org.apache.catalina.core.ContainerBase.[Tomcat].[localhost].[/] : Initializing Spring DispatcherServlet 'dispatcherServlet'
"2024-11-14 16:05:10 INFO --- [http-nio-8081-exec-1] org.springframework.web.servlet.DispatcherServlet : Initializing Servlet 'dispatcherServlet'
"2024-11-14 16:05:10 INFO --- [http-nio-8081-exec-1] org.springframework.web.servlet.DispatcherServlet : Completed initialization in 0 ms
"2024-11-14 16:05:27 INFO --- [restartedMain] com.example.ebookdemo.config.EbookDemoApplication : Starting EbookDemoApplication using Java 21.0.1 with PID 11820 (D:\practive_project\testPractice\EbookDemo\target\classes started by e1561 in D:\practive_project\testPractice\EbookDemo)
"2024-11-14 16:05:27 INFO --- [restartedMain] com.example.ebookdemo.config.EbookDemoApplication : No active profile set, falling back to 1 default profile: "default"
"2024-11-14 16:05:27 INFO --- [restartedMain] org.springframework.boot.devtools.env.DevToolsPropertyDefaultsPostProcessor : Devtools property defaults active! Set 'spring.devtools.add-properties' to 'false' to disable
"2024-11-14 16:05:27 INFO --- [restartedMain] org.springframework.boot.devtools.env.DevToolsPropertyDefaultsPostProcessor : For additional web related logging consider setting the 'logging.level.web' property to 'DEBUG'
"2024-11-14 16:05:28 INFO --- [restartedMain] org.springframework.boot.web.embedded.tomcat.TomcatWebServer : Tomcat initialized with port 8081 (http)
"2024-11-14 16:05:28 INFO --- [restartedMain] org.apache.catalina.core.StandardService : Starting service [Tomcat]
"2024-11-14 16:05:28 INFO --- [restartedMain] org.apache.catalina.core.StandardEngine : Starting Servlet engine: [Apache Tomcat/10.1.31]
"2024-11-14 16:05:28 INFO --- [restartedMain] org.apache.catalina.core.ContainerBase.[Tomcat].[localhost].[/] : Initializing Spring embedded WebApplicationContext
"2024-11-14 16:05:28 INFO --- [restartedMain] org.springframework.boot.web.servlet.context.ServletWebServerApplicationContext : Root WebApplicationContext: initialization completed in 525 ms
"2024-11-14 16:05:28 INFO --- [restartedMain] org.springframework.boot.devtools.autoconfigure.OptionalLiveReloadServer : LiveReload server is running on port 35729
"2024-11-14 16:05:28 INFO --- [restartedMain] org.springframework.boot.web.embedded.tomcat.TomcatWebServer : Tomcat started on port 8081 (http) with context path ''
"2024-11-14 16:05:28 INFO --- [restartedMain] com.example.ebookdemo.config.EbookDemoApplication : Started EbookDemoApplication in 1.111 seconds (process running for 1.627)
"2024-11-14 16:05:28 INFO --- [restartedMain] com.example.ebookdemo.config.EbookDemoApplication : 启动成功！！
"2024-11-14 16:05:28 INFO --- [restartedMain] com.example.ebookdemo.config.EbookDemoApplication : 地址: 	http://127.0.0.1:8081
"2024-11-14 16:05:30 INFO --- [http-nio-8081-exec-1] org.apache.catalina.core.ContainerBase.[Tomcat].[localhost].[/] : Initializing Spring DispatcherServlet 'dispatcherServlet'
"2024-11-14 16:05:30 INFO --- [http-nio-8081-exec-1] org.springframework.web.servlet.DispatcherServlet : Initializing Servlet 'dispatcherServlet'
"2024-11-14 16:05:30 INFO --- [http-nio-8081-exec-1] org.springframework.web.servlet.DispatcherServlet : Completed initialization in 1 ms
"2024-11-14 16:05:30 INFO --- [http-nio-8081-exec-1] com.zaxxer.hikari.HikariDataSource : HikariPool-1 - Starting...
"2024-11-14 16:05:30 INFO --- [http-nio-8081-exec-1] com.zaxxer.hikari.pool.HikariPool : HikariPool-1 - Added connection com.mysql.cj.jdbc.ConnectionImpl@191455f2
"2024-11-14 16:05:30 INFO --- [http-nio-8081-exec-1] com.zaxxer.hikari.HikariDataSource : HikariPool-1 - Start completed.
"2024-11-14 16:05:39 INFO --- [File Watcher] org.springframework.boot.devtools.autoconfigure.LocalDevToolsAutoConfiguration$RestartingClassPathChangeChangedEventListener : Restarting due to 1 class path change (0 additions, 0 deletions, 1 modification)
"2024-11-14 16:05:39 INFO --- [Thread-5] com.zaxxer.hikari.HikariDataSource : HikariPool-1 - Shutdown initiated...
"2024-11-14 16:05:39 INFO --- [Thread-5] com.zaxxer.hikari.HikariDataSource : HikariPool-1 - Shutdown completed.
"2024-11-14 16:05:39 INFO --- [restartedMain] com.example.ebookdemo.config.EbookDemoApplication : Starting EbookDemoApplication using Java 21.0.1 with PID 11820 (D:\practive_project\testPractice\EbookDemo\target\classes started by e1561 in D:\practive_project\testPractice\EbookDemo)
"2024-11-14 16:05:39 INFO --- [restartedMain] com.example.ebookdemo.config.EbookDemoApplication : No active profile set, falling back to 1 default profile: "default"
"2024-11-14 16:05:39 INFO --- [restartedMain] org.springframework.boot.web.embedded.tomcat.TomcatWebServer : Tomcat initialized with port 8081 (http)
"2024-11-14 16:05:39 INFO --- [restartedMain] org.apache.catalina.core.StandardService : Starting service [Tomcat]
"2024-11-14 16:05:39 INFO --- [restartedMain] org.apache.catalina.core.StandardEngine : Starting Servlet engine: [Apache Tomcat/10.1.31]
"2024-11-14 16:05:39 INFO --- [restartedMain] org.apache.catalina.core.ContainerBase.[Tomcat].[localhost].[/] : Initializing Spring embedded WebApplicationContext
"2024-11-14 16:05:39 INFO --- [restartedMain] org.springframework.boot.web.servlet.context.ServletWebServerApplicationContext : Root WebApplicationContext: initialization completed in 108 ms
"2024-11-14 16:05:39 INFO --- [restartedMain] org.springframework.boot.devtools.autoconfigure.OptionalLiveReloadServer : LiveReload server is running on port 35729
"2024-11-14 16:05:39 INFO --- [restartedMain] org.springframework.boot.web.embedded.tomcat.TomcatWebServer : Tomcat started on port 8081 (http) with context path ''
"2024-11-14 16:05:39 INFO --- [restartedMain] com.example.ebookdemo.config.EbookDemoApplication : Started EbookDemoApplication in 0.222 seconds (process running for 12.404)
"2024-11-14 16:05:39 INFO --- [restartedMain] org.springframework.boot.devtools.autoconfigure.ConditionEvaluationDeltaLoggingListener : Condition evaluation unchanged
"2024-11-14 16:05:39 INFO --- [restartedMain] com.example.ebookdemo.config.EbookDemoApplication : 启动成功！！
"2024-11-14 16:05:39 INFO --- [restartedMain] com.example.ebookdemo.config.EbookDemoApplication : 地址: 	http://127.0.0.1:8081
"2024-11-14 16:05:43 INFO --- [http-nio-8081-exec-1] org.apache.catalina.core.ContainerBase.[Tomcat].[localhost].[/] : Initializing Spring DispatcherServlet 'dispatcherServlet'
"2024-11-14 16:05:43 INFO --- [http-nio-8081-exec-1] org.springframework.web.servlet.DispatcherServlet : Initializing Servlet 'dispatcherServlet'
"2024-11-14 16:05:43 INFO --- [http-nio-8081-exec-1] org.springframework.web.servlet.DispatcherServlet : Completed initialization in 0 ms
"2024-11-14 16:05:43 INFO --- [http-nio-8081-exec-1] com.zaxxer.hikari.HikariDataSource : HikariPool-2 - Starting...
"2024-11-14 16:05:43 INFO --- [http-nio-8081-exec-1] com.zaxxer.hikari.pool.HikariPool : HikariPool-2 - Added connection com.mysql.cj.jdbc.ConnectionImpl@2d9d74aa
"2024-11-14 16:05:43 INFO --- [http-nio-8081-exec-1] com.zaxxer.hikari.HikariDataSource : HikariPool-2 - Start completed.
"2024-11-14 16:49:52 INFO --- [File Watcher] org.springframework.boot.devtools.autoconfigure.LocalDevToolsAutoConfiguration$RestartingClassPathChangeChangedEventListener : Restarting due to 7 class path changes (0 additions, 0 deletions, 7 modifications)
"2024-11-14 16:49:52 INFO --- [Thread-7] com.zaxxer.hikari.HikariDataSource : HikariPool-2 - Shutdown initiated...
"2024-11-14 16:49:52 INFO --- [Thread-7] com.zaxxer.hikari.HikariDataSource : HikariPool-2 - Shutdown completed.
"2024-11-14 16:49:52 INFO --- [restartedMain] com.example.ebookdemo.config.EbookDemoApplication : Starting EbookDemoApplication using Java 21.0.1 with PID 11820 (D:\practive_project\testPractice\EbookDemo\target\classes started by e1561 in D:\practive_project\testPractice\EbookDemo)
"2024-11-14 16:49:52 INFO --- [restartedMain] com.example.ebookdemo.config.EbookDemoApplication : No active profile set, falling back to 1 default profile: "default"
"2024-11-14 16:49:53 INFO --- [restartedMain] org.springframework.boot.web.embedded.tomcat.TomcatWebServer : Tomcat initialized with port 8081 (http)
"2024-11-14 16:49:53 INFO --- [restartedMain] org.apache.catalina.core.StandardService : Starting service [Tomcat]
"2024-11-14 16:49:53 INFO --- [restartedMain] org.apache.catalina.core.StandardEngine : Starting Servlet engine: [Apache Tomcat/10.1.31]
"2024-11-14 16:49:53 INFO --- [restartedMain] org.apache.catalina.core.ContainerBase.[Tomcat].[localhost].[/] : Initializing Spring embedded WebApplicationContext
"2024-11-14 16:49:53 INFO --- [restartedMain] org.springframework.boot.web.servlet.context.ServletWebServerApplicationContext : Root WebApplicationContext: initialization completed in 134 ms
"2024-11-14 16:49:53 INFO --- [restartedMain] org.springframework.boot.devtools.autoconfigure.OptionalLiveReloadServer : LiveReload server is running on port 35729
"2024-11-14 16:49:53 INFO --- [restartedMain] org.springframework.boot.web.embedded.tomcat.TomcatWebServer : Tomcat started on port 8081 (http) with context path ''
"2024-11-14 16:49:53 INFO --- [restartedMain] com.example.ebookdemo.config.EbookDemoApplication : Started EbookDemoApplication in 0.29 seconds (process running for 2665.989)
"2024-11-14 16:49:53 INFO --- [restartedMain] org.springframework.boot.devtools.autoconfigure.ConditionEvaluationDeltaLoggingListener : Condition evaluation unchanged
"2024-11-14 16:49:53 INFO --- [restartedMain] com.example.ebookdemo.config.EbookDemoApplication : 启动成功！！
"2024-11-14 16:49:53 INFO --- [restartedMain] com.example.ebookdemo.config.EbookDemoApplication : 地址: 	http://127.0.0.1:8081
"2024-11-14 16:50:09 INFO --- [File Watcher] org.springframework.boot.devtools.autoconfigure.LocalDevToolsAutoConfiguration$RestartingClassPathChangeChangedEventListener : Restarting due to 1 class path change (0 additions, 0 deletions, 1 modification)
"2024-11-14 16:50:09 INFO --- [restartedMain] com.example.ebookdemo.config.EbookDemoApplication : Starting EbookDemoApplication using Java 21.0.1 with PID 11820 (D:\practive_project\testPractice\EbookDemo\target\classes started by e1561 in D:\practive_project\testPractice\EbookDemo)
"2024-11-14 16:50:09 INFO --- [restartedMain] com.example.ebookdemo.config.EbookDemoApplication : No active profile set, falling back to 1 default profile: "default"
"2024-11-14 16:50:10 INFO --- [restartedMain] org.springframework.boot.web.embedded.tomcat.TomcatWebServer : Tomcat initialized with port 8081 (http)
"2024-11-14 16:50:10 INFO --- [restartedMain] org.apache.catalina.core.StandardService : Starting service [Tomcat]
"2024-11-14 16:50:10 INFO --- [restartedMain] org.apache.catalina.core.StandardEngine : Starting Servlet engine: [Apache Tomcat/10.1.31]
"2024-11-14 16:50:10 INFO --- [restartedMain] org.apache.catalina.core.ContainerBase.[Tomcat].[localhost].[/] : Initializing Spring embedded WebApplicationContext
"2024-11-14 16:50:10 INFO --- [restartedMain] org.springframework.boot.web.servlet.context.ServletWebServerApplicationContext : Root WebApplicationContext: initialization completed in 94 ms
"2024-11-14 16:50:10 INFO --- [restartedMain] org.springframework.boot.devtools.autoconfigure.OptionalLiveReloadServer : LiveReload server is running on port 35729
"2024-11-14 16:50:10 INFO --- [restartedMain] org.springframework.boot.web.embedded.tomcat.TomcatWebServer : Tomcat started on port 8081 (http) with context path ''
"2024-11-14 16:50:10 INFO --- [restartedMain] com.example.ebookdemo.config.EbookDemoApplication : Started EbookDemoApplication in 0.199 seconds (process running for 2682.904)
"2024-11-14 16:50:10 INFO --- [restartedMain] org.springframework.boot.devtools.autoconfigure.ConditionEvaluationDeltaLoggingListener : Condition evaluation unchanged
"2024-11-14 16:50:10 INFO --- [restartedMain] com.example.ebookdemo.config.EbookDemoApplication : 启动成功！！
"2024-11-14 16:50:10 INFO --- [restartedMain] com.example.ebookdemo.config.EbookDemoApplication : 地址: 	http://127.0.0.1:8081
"2024-11-14 16:50:11 INFO --- [File Watcher] org.springframework.boot.devtools.autoconfigure.LocalDevToolsAutoConfiguration$RestartingClassPathChangeChangedEventListener : Restarting due to 1 class path change (0 additions, 0 deletions, 1 modification)
"2024-11-14 16:50:11 INFO --- [restartedMain] com.example.ebookdemo.config.EbookDemoApplication : Starting EbookDemoApplication using Java 21.0.1 with PID 11820 (D:\practive_project\testPractice\EbookDemo\target\classes started by e1561 in D:\practive_project\testPractice\EbookDemo)
"2024-11-14 16:50:11 INFO --- [restartedMain] com.example.ebookdemo.config.EbookDemoApplication : No active profile set, falling back to 1 default profile: "default"
"2024-11-14 16:50:11 INFO --- [restartedMain] org.springframework.boot.web.embedded.tomcat.TomcatWebServer : Tomcat initialized with port 8081 (http)
"2024-11-14 16:50:11 INFO --- [restartedMain] org.apache.catalina.core.StandardService : Starting service [Tomcat]
"2024-11-14 16:50:11 INFO --- [restartedMain] org.apache.catalina.core.StandardEngine : Starting Servlet engine: [Apache Tomcat/10.1.31]
"2024-11-14 16:50:11 INFO --- [restartedMain] org.apache.catalina.core.ContainerBase.[Tomcat].[localhost].[/] : Initializing Spring embedded WebApplicationContext
"2024-11-14 16:50:11 INFO --- [restartedMain] org.springframework.boot.web.servlet.context.ServletWebServerApplicationContext : Root WebApplicationContext: initialization completed in 99 ms
"2024-11-14 16:50:11 INFO --- [restartedMain] org.springframework.boot.devtools.autoconfigure.OptionalLiveReloadServer : LiveReload server is running on port 35729
"2024-11-14 16:50:11 INFO --- [restartedMain] org.springframework.boot.web.embedded.tomcat.TomcatWebServer : Tomcat started on port 8081 (http) with context path ''
"2024-11-14 16:50:11 INFO --- [restartedMain] com.example.ebookdemo.config.EbookDemoApplication : Started EbookDemoApplication in 0.21 seconds (process running for 2684.571)
"2024-11-14 16:50:11 INFO --- [restartedMain] org.springframework.boot.devtools.autoconfigure.ConditionEvaluationDeltaLoggingListener : Condition evaluation unchanged
"2024-11-14 16:50:11 INFO --- [restartedMain] com.example.ebookdemo.config.EbookDemoApplication : 启动成功！！
"2024-11-14 16:50:11 INFO --- [restartedMain] com.example.ebookdemo.config.EbookDemoApplication : 地址: 	http://127.0.0.1:8081
"2024-11-14 16:50:15 INFO --- [File Watcher] org.springframework.boot.devtools.autoconfigure.LocalDevToolsAutoConfiguration$RestartingClassPathChangeChangedEventListener : Restarting due to 1 class path change (1 addition, 0 deletions, 0 modifications)
"2024-11-14 16:50:15 INFO --- [restartedMain] com.example.ebookdemo.config.EbookDemoApplication : Starting EbookDemoApplication using Java 21.0.1 with PID 11820 (D:\practive_project\testPractice\EbookDemo\target\classes started by e1561 in D:\practive_project\testPractice\EbookDemo)
"2024-11-14 16:50:15 INFO --- [restartedMain] com.example.ebookdemo.config.EbookDemoApplication : No active profile set, falling back to 1 default profile: "default"
"2024-11-14 16:50:15 INFO --- [restartedMain] org.springframework.boot.web.embedded.tomcat.TomcatWebServer : Tomcat initialized with port 8081 (http)
"2024-11-14 16:50:15 INFO --- [restartedMain] org.apache.catalina.core.StandardService : Starting service [Tomcat]
"2024-11-14 16:50:15 INFO --- [restartedMain] org.apache.catalina.core.StandardEngine : Starting Servlet engine: [Apache Tomcat/10.1.31]
"2024-11-14 16:50:15 INFO --- [restartedMain] org.apache.catalina.core.ContainerBase.[Tomcat].[localhost].[/] : Initializing Spring embedded WebApplicationContext
"2024-11-14 16:50:15 INFO --- [restartedMain] org.springframework.boot.web.servlet.context.ServletWebServerApplicationContext : Root WebApplicationContext: initialization completed in 87 ms
"2024-11-14 16:50:15 INFO --- [restartedMain] org.springframework.boot.devtools.autoconfigure.OptionalLiveReloadServer : LiveReload server is running on port 35729
"2024-11-14 16:50:15 INFO --- [restartedMain] org.springframework.boot.web.embedded.tomcat.TomcatWebServer : Tomcat started on port 8081 (http) with context path ''
"2024-11-14 16:50:15 INFO --- [restartedMain] com.example.ebookdemo.config.EbookDemoApplication : Started EbookDemoApplication in 0.182 seconds (process running for 2688.235)
"2024-11-14 16:50:15 INFO --- [restartedMain] org.springframework.boot.devtools.autoconfigure.ConditionEvaluationDeltaLoggingListener : Condition evaluation unchanged
"2024-11-14 16:50:15 INFO --- [restartedMain] com.example.ebookdemo.config.EbookDemoApplication : 启动成功！！
"2024-11-14 16:50:15 INFO --- [restartedMain] com.example.ebookdemo.config.EbookDemoApplication : 地址: 	http://127.0.0.1:8081
"2024-11-14 16:50:16 INFO --- [File Watcher] org.springframework.boot.devtools.autoconfigure.LocalDevToolsAutoConfiguration$RestartingClassPathChangeChangedEventListener : Restarting due to 6 class path changes (6 additions, 0 deletions, 0 modifications)
"2024-11-14 16:50:16 INFO --- [restartedMain] com.example.ebookdemo.config.EbookDemoApplication : Starting EbookDemoApplication using Java 21.0.1 with PID 11820 (D:\practive_project\testPractice\EbookDemo\target\classes started by e1561 in D:\practive_project\testPractice\EbookDemo)
"2024-11-14 16:50:16 INFO --- [restartedMain] com.example.ebookdemo.config.EbookDemoApplication : No active profile set, falling back to 1 default profile: "default"
"2024-11-14 16:50:17 INFO --- [restartedMain] org.springframework.boot.web.embedded.tomcat.TomcatWebServer : Tomcat initialized with port 8081 (http)
"2024-11-14 16:50:17 INFO --- [restartedMain] org.apache.catalina.core.StandardService : Starting service [Tomcat]
"2024-11-14 16:50:17 INFO --- [restartedMain] org.apache.catalina.core.StandardEngine : Starting Servlet engine: [Apache Tomcat/10.1.31]
"2024-11-14 16:50:17 INFO --- [restartedMain] org.apache.catalina.core.ContainerBase.[Tomcat].[localhost].[/] : Initializing Spring embedded WebApplicationContext
"2024-11-14 16:50:17 INFO --- [restartedMain] org.springframework.boot.web.servlet.context.ServletWebServerApplicationContext : Root WebApplicationContext: initialization completed in 82 ms
"2024-11-14 16:50:17 INFO --- [restartedMain] org.springframework.boot.devtools.autoconfigure.OptionalLiveReloadServer : LiveReload server is running on port 35729
"2024-11-14 16:50:17 INFO --- [restartedMain] org.springframework.boot.web.embedded.tomcat.TomcatWebServer : Tomcat started on port 8081 (http) with context path ''
"2024-11-14 16:50:17 INFO --- [restartedMain] com.example.ebookdemo.config.EbookDemoApplication : Started EbookDemoApplication in 0.18 seconds (process running for 2689.874)
"2024-11-14 16:50:17 INFO --- [restartedMain] org.springframework.boot.devtools.autoconfigure.ConditionEvaluationDeltaLoggingListener : Condition evaluation unchanged
"2024-11-14 16:50:17 INFO --- [restartedMain] com.example.ebookdemo.config.EbookDemoApplication : 启动成功！！
"2024-11-14 16:50:17 INFO --- [restartedMain] com.example.ebookdemo.config.EbookDemoApplication : 地址: 	http://127.0.0.1:8081
"