2024-11-12 16:16:01 INFO --- [main] com.example.ebookdemo.EbookDemoApplication : Starting EbookDemoApplication using Java 21.0.1 with PID 14232 (D:\practive_project\testPractice\EbookDemo\target\classes started by e1561 in D:\practive_project\testPractice\EbookDemo)
"2024-11-12 16:16:01 INFO --- [main] com.example.ebookdemo.EbookDemoApplication : No active profile set, falling back to 1 default profile: "default"
"2024-11-12 16:16:01 INFO --- [main] org.springframework.boot.web.embedded.tomcat.TomcatWebServer : Tomcat initialized with port 8080 (http)
"2024-11-12 16:16:01 INFO --- [main] org.apache.catalina.core.StandardService : Starting service [Tomcat]
"2024-11-12 16:16:01 INFO --- [main] org.apache.catalina.core.StandardEngine : Starting Servlet engine: [Apache Tomcat/10.1.31]
"2024-11-12 16:16:01 INFO --- [main] org.apache.catalina.core.ContainerBase.[Tomcat].[localhost].[/] : Initializing Spring embedded WebApplicationContext
"2024-11-12 16:16:01 INFO --- [main] org.springframework.boot.web.servlet.context.ServletWebServerApplicationContext : Root WebApplicationContext: initialization completed in 490 ms
"2024-11-12 16:16:01 INFO --- [main] org.springframework.boot.web.embedded.tomcat.TomcatWebServer : Tomcat started on port 8080 (http) with context path ''
"2024-11-12 16:16:01 INFO --- [main] com.example.ebookdemo.EbookDemoApplication : Started EbookDemoApplication in 0.957 seconds (process running for 1.46)
"2024-11-12 16:18:38 INFO --- [main] com.example.ebookdemo.EbookDemoApplication : Starting EbookDemoApplication using Java 21.0.1 with PID 20488 (D:\practive_project\testPractice\EbookDemo\target\classes started by e1561 in D:\practive_project\testPractice\EbookDemo)
"2024-11-12 16:18:38 INFO --- [main] com.example.ebookdemo.EbookDemoApplication : No active profile set, falling back to 1 default profile: "default"
"2024-11-12 16:18:39 INFO --- [main] org.springframework.boot.web.embedded.tomcat.TomcatWebServer : Tomcat initialized with port 8080 (http)
"2024-11-12 16:18:39 INFO --- [main] org.apache.catalina.core.StandardService : Starting service [Tomcat]
"2024-11-12 16:18:39 INFO --- [main] org.apache.catalina.core.StandardEngine : Starting Servlet engine: [Apache Tomcat/10.1.31]
"2024-11-12 16:18:39 INFO --- [main] org.apache.catalina.core.ContainerBase.[Tomcat].[localhost].[/] : Initializing Spring embedded WebApplicationContext
"2024-11-12 16:18:39 INFO --- [main] org.springframework.boot.web.servlet.context.ServletWebServerApplicationContext : Root WebApplicationContext: initialization completed in 443 ms
"2024-11-12 16:18:39 INFO --- [main] org.springframework.boot.web.embedded.tomcat.TomcatWebServer : Tomcat started on port 8080 (http) with context path ''
"2024-11-12 16:18:39 INFO --- [main] com.example.ebookdemo.EbookDemoApplication : Started EbookDemoApplication in 0.867 seconds (process running for 1.335)
"2024-11-12 16:18:39 INFO --- [main] com.example.ebookdemo.EbookDemoApplication : 启动成功！！
"2024-11-12 16:18:39 INFO --- [main] com.example.ebookdemo.EbookDemoApplication : 地址: 	http://127.0.0.1:null
"2024-11-12 16:20:20 INFO --- [main] com.example.ebookdemo.config.EbookDemoApplication : Starting EbookDemoApplication using Java 21.0.1 with PID 19836 (D:\practive_project\testPractice\EbookDemo\target\classes started by e1561 in D:\practive_project\testPractice\EbookDemo)
"2024-11-12 16:20:20 INFO --- [main] com.example.ebookdemo.config.EbookDemoApplication : No active profile set, falling back to 1 default profile: "default"
"2024-11-12 16:20:20 INFO --- [main] org.springframework.boot.web.embedded.tomcat.TomcatWebServer : Tomcat initialized with port 8080 (http)
"2024-11-12 16:20:20 INFO --- [main] org.apache.catalina.core.StandardService : Starting service [Tomcat]
"2024-11-12 16:20:20 INFO --- [main] org.apache.catalina.core.StandardEngine : Starting Servlet engine: [Apache Tomcat/10.1.31]
"2024-11-12 16:20:20 INFO --- [main] org.apache.catalina.core.ContainerBase.[Tomcat].[localhost].[/] : Initializing Spring embedded WebApplicationContext
"2024-11-12 16:20:20 INFO --- [main] org.springframework.boot.web.servlet.context.ServletWebServerApplicationContext : Root WebApplicationContext: initialization completed in 434 ms
"2024-11-12 16:20:21 INFO --- [main] org.springframework.boot.web.embedded.tomcat.TomcatWebServer : Tomcat started on port 8080 (http) with context path ''
"2024-11-12 16:20:21 INFO --- [main] com.example.ebookdemo.config.EbookDemoApplication : Started EbookDemoApplication in 0.841 seconds (process running for 1.323)
"2024-11-12 16:20:21 INFO --- [main] com.example.ebookdemo.config.EbookDemoApplication : 启动成功！！
"2024-11-12 16:20:21 INFO --- [main] com.example.ebookdemo.config.EbookDemoApplication : 地址: 	http://127.0.0.1:null
"2024-11-12 16:39:54 INFO --- [main] com.example.ebookdemo.config.EbookDemoApplication : Starting EbookDemoApplication using Java 21.0.1 with PID 11572 (D:\practive_project\testPractice\EbookDemo\target\classes started by e1561 in D:\practive_project\testPractice\EbookDemo)
"2024-11-12 16:39:54 INFO --- [main] com.example.ebookdemo.config.EbookDemoApplication : No active profile set, falling back to 1 default profile: "default"
"2024-11-12 16:39:55 INFO --- [main] org.springframework.boot.web.embedded.tomcat.TomcatWebServer : Tomcat initialized with port 8080 (http)
"2024-11-12 16:39:55 INFO --- [main] org.apache.catalina.core.StandardService : Starting service [Tomcat]
"2024-11-12 16:39:55 INFO --- [main] org.apache.catalina.core.StandardEngine : Starting Servlet engine: [Apache Tomcat/10.1.31]
"2024-11-12 16:39:55 INFO --- [main] org.apache.catalina.core.ContainerBase.[Tomcat].[localhost].[/] : Initializing Spring embedded WebApplicationContext
"2024-11-12 16:39:55 INFO --- [main] org.springframework.boot.web.servlet.context.ServletWebServerApplicationContext : Root WebApplicationContext: initialization completed in 413 ms
"2024-11-12 16:39:55 INFO --- [main] org.springframework.boot.web.embedded.tomcat.TomcatWebServer : Tomcat started on port 8080 (http) with context path ''
"2024-11-12 16:39:55 INFO --- [main] com.example.ebookdemo.config.EbookDemoApplication : Started EbookDemoApplication in 0.812 seconds (process running for 1.274)
"2024-11-12 16:39:55 INFO --- [main] com.example.ebookdemo.config.EbookDemoApplication : 启动成功！！
"2024-11-12 16:39:55 INFO --- [main] com.example.ebookdemo.config.EbookDemoApplication : 地址: 	http://127.0.0.1:null
"2024-11-12 16:43:40 INFO --- [main] com.example.ebookdemo.config.EbookDemoApplication : Starting EbookDemoApplication using Java 21.0.1 with PID 31052 (D:\practive_project\testPractice\EbookDemo\target\classes started by e1561 in D:\practive_project\testPractice\EbookDemo)
"2024-11-12 16:43:40 INFO --- [main] com.example.ebookdemo.config.EbookDemoApplication : No active profile set, falling back to 1 default profile: "default"
"2024-11-12 16:43:40 INFO --- [main] org.springframework.boot.web.embedded.tomcat.TomcatWebServer : Tomcat initialized with port 8080 (http)
"2024-11-12 16:43:40 INFO --- [main] org.apache.catalina.core.StandardService : Starting service [Tomcat]
"2024-11-12 16:43:40 INFO --- [main] org.apache.catalina.core.StandardEngine : Starting Servlet engine: [Apache Tomcat/10.1.31]
"2024-11-12 16:43:40 INFO --- [main] org.apache.catalina.core.ContainerBase.[Tomcat].[localhost].[/] : Initializing Spring embedded WebApplicationContext
"2024-11-12 16:43:40 INFO --- [main] org.springframework.boot.web.servlet.context.ServletWebServerApplicationContext : Root WebApplicationContext: initialization completed in 464 ms
"2024-11-12 16:43:41 INFO --- [main] org.springframework.boot.web.embedded.tomcat.TomcatWebServer : Tomcat started on port 8080 (http) with context path ''
"2024-11-12 16:43:41 INFO --- [main] com.example.ebookdemo.config.EbookDemoApplication : Started EbookDemoApplication in 0.891 seconds (process running for 1.368)
"2024-11-12 16:43:41 INFO --- [main] com.example.ebookdemo.config.EbookDemoApplication : 启动成功！！
"2024-11-12 16:43:41 INFO --- [main] com.example.ebookdemo.config.EbookDemoApplication : 地址: 	http://127.0.0.1:null
"2024-11-12 16:52:54 INFO --- [main] com.example.ebookdemo.config.EbookDemoApplication : Starting EbookDemoApplication using Java 21.0.1 with PID 18788 (D:\practive_project\testPractice\EbookDemo\target\classes started by e1561 in D:\practive_project\testPractice\EbookDemo)
"2024-11-12 16:52:54 INFO --- [main] com.example.ebookdemo.config.EbookDemoApplication : No active profile set, falling back to 1 default profile: "default"
"2024-11-12 16:52:55 INFO --- [main] org.springframework.boot.web.embedded.tomcat.TomcatWebServer : Tomcat initialized with port 8081 (http)
"2024-11-12 16:52:55 INFO --- [main] org.apache.catalina.core.StandardService : Starting service [Tomcat]
"2024-11-12 16:52:55 INFO --- [main] org.apache.catalina.core.StandardEngine : Starting Servlet engine: [Apache Tomcat/10.1.31]
"2024-11-12 16:52:55 INFO --- [main] org.apache.catalina.core.ContainerBase.[Tomcat].[localhost].[/] : Initializing Spring embedded WebApplicationContext
"2024-11-12 16:52:55 INFO --- [main] org.springframework.boot.web.servlet.context.ServletWebServerApplicationContext : Root WebApplicationContext: initialization completed in 495 ms
"2024-11-12 16:52:55 INFO --- [main] org.apache.catalina.core.StandardService : Stopping service [Tomcat]
"2024-11-12 16:54:41 INFO --- [main] com.example.ebookdemo.config.EbookDemoApplication : Starting EbookDemoApplication using Java 21.0.1 with PID 12604 (D:\practive_project\testPractice\EbookDemo\target\classes started by e1561 in D:\practive_project\testPractice\EbookDemo)
"2024-11-12 16:54:41 INFO --- [main] com.example.ebookdemo.config.EbookDemoApplication : No active profile set, falling back to 1 default profile: "default"
"2024-11-12 16:54:41 INFO --- [main] org.springframework.boot.web.embedded.tomcat.TomcatWebServer : Tomcat initialized with port 8081 (http)
"2024-11-12 16:54:41 INFO --- [main] org.apache.catalina.core.StandardService : Starting service [Tomcat]
"2024-11-12 16:54:41 INFO --- [main] org.apache.catalina.core.StandardEngine : Starting Servlet engine: [Apache Tomcat/10.1.31]
"2024-11-12 16:54:42 INFO --- [main] org.apache.catalina.core.ContainerBase.[Tomcat].[localhost].[/] : Initializing Spring embedded WebApplicationContext
"2024-11-12 16:54:42 INFO --- [main] org.springframework.boot.web.servlet.context.ServletWebServerApplicationContext : Root WebApplicationContext: initialization completed in 522 ms
"2024-11-12 16:54:42 INFO --- [main] org.apache.catalina.core.StandardService : Stopping service [Tomcat]
"2024-11-12 16:57:16 INFO --- [main] com.example.ebookdemo.config.EbookDemoApplication : Starting EbookDemoApplication using Java 21.0.1 with PID 30112 (D:\practive_project\testPractice\EbookDemo\target\classes started by e1561 in D:\practive_project\testPractice\EbookDemo)
"2024-11-12 16:57:16 INFO --- [main] com.example.ebookdemo.config.EbookDemoApplication : No active profile set, falling back to 1 default profile: "default"
"2024-11-12 16:57:17 INFO --- [main] org.springframework.boot.web.embedded.tomcat.TomcatWebServer : Tomcat initialized with port 8081 (http)
"2024-11-12 16:57:17 INFO --- [main] org.apache.catalina.core.StandardService : Starting service [Tomcat]
"2024-11-12 16:57:17 INFO --- [main] org.apache.catalina.core.StandardEngine : Starting Servlet engine: [Apache Tomcat/10.1.31]
"2024-11-12 16:57:17 INFO --- [main] org.apache.catalina.core.ContainerBase.[Tomcat].[localhost].[/] : Initializing Spring embedded WebApplicationContext
"2024-11-12 16:57:17 INFO --- [main] org.springframework.boot.web.servlet.context.ServletWebServerApplicationContext : Root WebApplicationContext: initialization completed in 464 ms
"2024-11-12 16:57:17 INFO --- [main] org.apache.catalina.core.StandardService : Stopping service [Tomcat]
"2024-11-12 16:57:34 INFO --- [main] com.example.ebookdemo.config.EbookDemoApplication : Starting EbookDemoApplication using Java 21.0.1 with PID 16220 (D:\practive_project\testPractice\EbookDemo\target\classes started by e1561 in D:\practive_project\testPractice\EbookDemo)
"2024-11-12 16:57:34 INFO --- [main] com.example.ebookdemo.config.EbookDemoApplication : No active profile set, falling back to 1 default profile: "default"
"2024-11-12 16:57:35 INFO --- [main] org.springframework.boot.web.embedded.tomcat.TomcatWebServer : Tomcat initialized with port 8081 (http)
"2024-11-12 16:57:35 INFO --- [main] org.apache.catalina.core.StandardService : Starting service [Tomcat]
"2024-11-12 16:57:35 INFO --- [main] org.apache.catalina.core.StandardEngine : Starting Servlet engine: [Apache Tomcat/10.1.31]
"2024-11-12 16:57:35 INFO --- [main] org.apache.catalina.core.ContainerBase.[Tomcat].[localhost].[/] : Initializing Spring embedded WebApplicationContext
"2024-11-12 16:57:35 INFO --- [main] org.springframework.boot.web.servlet.context.ServletWebServerApplicationContext : Root WebApplicationContext: initialization completed in 498 ms
"2024-11-12 16:57:35 INFO --- [main] org.apache.catalina.core.StandardService : Stopping service [Tomcat]
"2024-11-12 16:57:51 INFO --- [main] com.example.ebookdemo.config.EbookDemoApplication : Starting EbookDemoApplication using Java 21.0.1 with PID 24972 (D:\practive_project\testPractice\EbookDemo\target\classes started by e1561 in D:\practive_project\testPractice\EbookDemo)
"2024-11-12 16:57:51 INFO --- [main] com.example.ebookdemo.config.EbookDemoApplication : No active profile set, falling back to 1 default profile: "default"
"2024-11-12 16:57:52 INFO --- [main] org.springframework.boot.web.embedded.tomcat.TomcatWebServer : Tomcat initialized with port 8081 (http)
"2024-11-12 16:57:52 INFO --- [main] org.apache.catalina.core.StandardService : Starting service [Tomcat]
"2024-11-12 16:57:52 INFO --- [main] org.apache.catalina.core.StandardEngine : Starting Servlet engine: [Apache Tomcat/10.1.31]
"2024-11-12 16:57:52 INFO --- [main] org.apache.catalina.core.ContainerBase.[Tomcat].[localhost].[/] : Initializing Spring embedded WebApplicationContext
"2024-11-12 16:57:52 INFO --- [main] org.springframework.boot.web.servlet.context.ServletWebServerApplicationContext : Root WebApplicationContext: initialization completed in 491 ms
"2024-11-12 16:57:52 INFO --- [main] org.apache.catalina.core.StandardService : Stopping service [Tomcat]
"2024-11-12 21:50:15 INFO --- [main] com.example.ebookdemo.config.EbookDemoApplication : Starting EbookDemoApplication using Java 21.0.1 with PID 9860 (D:\practive_project\testPractice\EbookDemo\target\classes started by e1561 in D:\practive_project\testPractice\EbookDemo)
"2024-11-12 21:50:15 INFO --- [main] com.example.ebookdemo.config.EbookDemoApplication : No active profile set, falling back to 1 default profile: "default"
"2024-11-12 21:50:16 INFO --- [main] org.springframework.boot.web.embedded.tomcat.TomcatWebServer : Tomcat initialized with port 8081 (http)
"2024-11-12 21:50:16 INFO --- [main] org.apache.catalina.core.StandardService : Starting service [Tomcat]
"2024-11-12 21:50:16 INFO --- [main] org.apache.catalina.core.StandardEngine : Starting Servlet engine: [Apache Tomcat/10.1.31]
"2024-11-12 21:50:16 INFO --- [main] org.apache.catalina.core.ContainerBase.[Tomcat].[localhost].[/] : Initializing Spring embedded WebApplicationContext
"2024-11-12 21:50:16 INFO --- [main] org.springframework.boot.web.servlet.context.ServletWebServerApplicationContext : Root WebApplicationContext: initialization completed in 1347 ms
"2024-11-12 21:50:16 INFO --- [main] org.apache.catalina.core.StandardService : Stopping service [Tomcat]
"2024-11-12 21:53:23 INFO --- [main] com.example.ebookdemo.config.EbookDemoApplication : Starting EbookDemoApplication using Java 21.0.1 with PID 26456 (D:\practive_project\testPractice\EbookDemo\target\classes started by e1561 in D:\practive_project\testPractice\EbookDemo)
"2024-11-12 21:53:23 INFO --- [main] com.example.ebookdemo.config.EbookDemoApplication : No active profile set, falling back to 1 default profile: "default"
"2024-11-12 21:53:25 INFO --- [main] org.springframework.boot.web.embedded.tomcat.TomcatWebServer : Tomcat initialized with port 8081 (http)
"2024-11-12 21:53:25 INFO --- [main] org.apache.catalina.core.StandardService : Starting service [Tomcat]
"2024-11-12 21:53:25 INFO --- [main] org.apache.catalina.core.StandardEngine : Starting Servlet engine: [Apache Tomcat/10.1.31]
"2024-11-12 21:53:25 INFO --- [main] org.apache.catalina.core.ContainerBase.[Tomcat].[localhost].[/] : Initializing Spring embedded WebApplicationContext
"2024-11-12 21:53:25 INFO --- [main] org.springframework.boot.web.servlet.context.ServletWebServerApplicationContext : Root WebApplicationContext: initialization completed in 1240 ms
"2024-11-12 21:53:25 INFO --- [main] org.apache.catalina.core.StandardService : Stopping service [Tomcat]
"2024-11-12 21:55:08 INFO --- [main] com.example.ebookdemo.config.EbookDemoApplication : Starting EbookDemoApplication using Java 21.0.1 with PID 28512 (D:\practive_project\testPractice\EbookDemo\target\classes started by e1561 in D:\practive_project\testPractice\EbookDemo)
"2024-11-12 21:55:08 INFO --- [main] com.example.ebookdemo.config.EbookDemoApplication : No active profile set, falling back to 1 default profile: "default"
"2024-11-12 21:55:09 INFO --- [main] org.springframework.boot.web.embedded.tomcat.TomcatWebServer : Tomcat initialized with port 8081 (http)
"2024-11-12 21:55:09 INFO --- [main] org.apache.catalina.core.StandardService : Starting service [Tomcat]
"2024-11-12 21:55:09 INFO --- [main] org.apache.catalina.core.StandardEngine : Starting Servlet engine: [Apache Tomcat/10.1.31]
"2024-11-12 21:55:09 INFO --- [main] org.apache.catalina.core.ContainerBase.[Tomcat].[localhost].[/] : Initializing Spring embedded WebApplicationContext
"2024-11-12 21:55:09 INFO --- [main] org.springframework.boot.web.servlet.context.ServletWebServerApplicationContext : Root WebApplicationContext: initialization completed in 1217 ms
"2024-11-12 21:55:09 INFO --- [main] org.apache.catalina.core.StandardService : Stopping service [Tomcat]
"2024-11-12 21:55:38 INFO --- [main] com.example.ebookdemo.config.EbookDemoApplication : Starting EbookDemoApplication using Java 21.0.1 with PID 2180 (D:\practive_project\testPractice\EbookDemo\target\classes started by e1561 in D:\practive_project\testPractice\EbookDemo)
"2024-11-12 21:55:38 INFO --- [main] com.example.ebookdemo.config.EbookDemoApplication : No active profile set, falling back to 1 default profile: "default"
"2024-11-12 21:55:39 INFO --- [main] org.springframework.boot.web.embedded.tomcat.TomcatWebServer : Tomcat initialized with port 8081 (http)
"2024-11-12 21:55:39 INFO --- [main] org.apache.catalina.core.StandardService : Starting service [Tomcat]
"2024-11-12 21:55:39 INFO --- [main] org.apache.catalina.core.StandardEngine : Starting Servlet engine: [Apache Tomcat/10.1.31]
"2024-11-12 21:55:39 INFO --- [main] org.apache.catalina.core.ContainerBase.[Tomcat].[localhost].[/] : Initializing Spring embedded WebApplicationContext
"2024-11-12 21:55:39 INFO --- [main] org.springframework.boot.web.servlet.context.ServletWebServerApplicationContext : Root WebApplicationContext: initialization completed in 1177 ms
"2024-11-12 21:55:40 INFO --- [main] org.springframework.boot.web.embedded.tomcat.TomcatWebServer : Tomcat started on port 8081 (http) with context path ''
"2024-11-12 21:55:40 INFO --- [main] com.example.ebookdemo.config.EbookDemoApplication : Started EbookDemoApplication in 2.619 seconds (process running for 3.723)
"2024-11-12 21:55:40 INFO --- [main] com.example.ebookdemo.config.EbookDemoApplication : 启动成功！！
"2024-11-12 21:55:40 INFO --- [main] com.example.ebookdemo.config.EbookDemoApplication : 地址: 	http://127.0.0.1:8081
"2024-11-12 21:55:58 INFO --- [http-nio-8081-exec-1] org.apache.catalina.core.ContainerBase.[Tomcat].[localhost].[/] : Initializing Spring DispatcherServlet 'dispatcherServlet'
"2024-11-12 21:55:58 INFO --- [http-nio-8081-exec-1] org.springframework.web.servlet.DispatcherServlet : Initializing Servlet 'dispatcherServlet'
"2024-11-12 21:55:58 INFO --- [http-nio-8081-exec-1] org.springframework.web.servlet.DispatcherServlet : Completed initialization in 3 ms
"2024-11-12 21:56:28 INFO --- [main] com.example.ebookdemo.config.EbookDemoApplication : Starting EbookDemoApplication using Java 21.0.1 with PID 7476 (D:\practive_project\testPractice\EbookDemo\target\classes started by e1561 in D:\practive_project\testPractice\EbookDemo)
"2024-11-12 21:56:28 INFO --- [main] com.example.ebookdemo.config.EbookDemoApplication : No active profile set, falling back to 1 default profile: "default"
"2024-11-12 21:56:30 INFO --- [main] org.springframework.boot.web.embedded.tomcat.TomcatWebServer : Tomcat initialized with port 8081 (http)
"2024-11-12 21:56:30 INFO --- [main] org.apache.catalina.core.StandardService : Starting service [Tomcat]
"2024-11-12 21:56:30 INFO --- [main] org.apache.catalina.core.StandardEngine : Starting Servlet engine: [Apache Tomcat/10.1.31]
"2024-11-12 21:56:30 INFO --- [main] org.apache.catalina.core.ContainerBase.[Tomcat].[localhost].[/] : Initializing Spring embedded WebApplicationContext
"2024-11-12 21:56:30 INFO --- [main] org.springframework.boot.web.servlet.context.ServletWebServerApplicationContext : Root WebApplicationContext: initialization completed in 1102 ms
"2024-11-12 21:56:30 INFO --- [main] org.springframework.boot.web.embedded.tomcat.TomcatWebServer : Tomcat started on port 8081 (http) with context path ''
"2024-11-12 21:56:30 INFO --- [main] com.example.ebookdemo.config.EbookDemoApplication : Started EbookDemoApplication in 2.244 seconds (process running for 3.389)
"2024-11-12 21:56:30 INFO --- [main] com.example.ebookdemo.config.EbookDemoApplication : 启动成功！！
"2024-11-12 21:56:30 INFO --- [main] com.example.ebookdemo.config.EbookDemoApplication : 地址: 	http://127.0.0.1:8081
"2024-11-12 21:56:32 INFO --- [http-nio-8081-exec-2] org.apache.catalina.core.ContainerBase.[Tomcat].[localhost].[/] : Initializing Spring DispatcherServlet 'dispatcherServlet'
"2024-11-12 21:56:32 INFO --- [http-nio-8081-exec-2] org.springframework.web.servlet.DispatcherServlet : Initializing Servlet 'dispatcherServlet'
"2024-11-12 21:56:32 INFO --- [http-nio-8081-exec-2] org.springframework.web.servlet.DispatcherServlet : Completed initialization in 2 ms
"2024-11-12 21:56:50 INFO --- [main] com.example.ebookdemo.config.EbookDemoApplication : Starting EbookDemoApplication using Java 21.0.1 with PID 6080 (D:\practive_project\testPractice\EbookDemo\target\classes started by e1561 in D:\practive_project\testPractice\EbookDemo)
"2024-11-12 21:56:50 INFO --- [main] com.example.ebookdemo.config.EbookDemoApplication : No active profile set, falling back to 1 default profile: "default"
"2024-11-12 21:56:51 INFO --- [main] org.springframework.boot.web.embedded.tomcat.TomcatWebServer : Tomcat initialized with port 8081 (http)
"2024-11-12 21:56:51 INFO --- [main] org.apache.catalina.core.StandardService : Starting service [Tomcat]
"2024-11-12 21:56:51 INFO --- [main] org.apache.catalina.core.StandardEngine : Starting Servlet engine: [Apache Tomcat/10.1.31]
"2024-11-12 21:56:51 INFO --- [main] org.apache.catalina.core.ContainerBase.[Tomcat].[localhost].[/] : Initializing Spring embedded WebApplicationContext
"2024-11-12 21:56:51 INFO --- [main] org.springframework.boot.web.servlet.context.ServletWebServerApplicationContext : Root WebApplicationContext: initialization completed in 1161 ms
"2024-11-12 21:56:52 INFO --- [main] org.springframework.boot.web.embedded.tomcat.TomcatWebServer : Tomcat started on port 8081 (http) with context path ''
"2024-11-12 21:56:52 INFO --- [main] com.example.ebookdemo.config.EbookDemoApplication : Started EbookDemoApplication in 2.475 seconds (process running for 3.582)
"2024-11-12 21:56:52 INFO --- [main] com.example.ebookdemo.config.EbookDemoApplication : 启动成功！！
"2024-11-12 21:56:52 INFO --- [main] com.example.ebookdemo.config.EbookDemoApplication : 地址: 	http://127.0.0.1:8081
"2024-11-12 21:56:54 INFO --- [http-nio-8081-exec-1] org.apache.catalina.core.ContainerBase.[Tomcat].[localhost].[/] : Initializing Spring DispatcherServlet 'dispatcherServlet'
"2024-11-12 21:56:54 INFO --- [http-nio-8081-exec-1] org.springframework.web.servlet.DispatcherServlet : Initializing Servlet 'dispatcherServlet'
"2024-11-12 21:56:54 INFO --- [http-nio-8081-exec-1] org.springframework.web.servlet.DispatcherServlet : Completed initialization in 2 ms
"2024-11-12 21:56:54 INFO --- [http-nio-8081-exec-1] com.zaxxer.hikari.HikariDataSource : HikariPool-1 - Starting...
"2024-11-12 21:58:50 INFO --- [main] com.example.ebookdemo.config.EbookDemoApplication : Starting EbookDemoApplication using Java 21.0.1 with PID 3716 (D:\practive_project\testPractice\EbookDemo\target\classes started by e1561 in D:\practive_project\testPractice\EbookDemo)
"2024-11-12 21:58:50 INFO --- [main] com.example.ebookdemo.config.EbookDemoApplication : No active profile set, falling back to 1 default profile: "default"
"2024-11-12 21:58:52 INFO --- [main] org.springframework.boot.web.embedded.tomcat.TomcatWebServer : Tomcat initialized with port 8081 (http)
"2024-11-12 21:58:52 INFO --- [main] org.apache.catalina.core.StandardService : Starting service [Tomcat]
"2024-11-12 21:58:52 INFO --- [main] org.apache.catalina.core.StandardEngine : Starting Servlet engine: [Apache Tomcat/10.1.31]
"2024-11-12 21:58:52 INFO --- [main] org.apache.catalina.core.ContainerBase.[Tomcat].[localhost].[/] : Initializing Spring embedded WebApplicationContext
"2024-11-12 21:58:52 INFO --- [main] org.springframework.boot.web.servlet.context.ServletWebServerApplicationContext : Root WebApplicationContext: initialization completed in 1135 ms
"2024-11-12 21:58:52 INFO --- [main] org.springframework.boot.web.embedded.tomcat.TomcatWebServer : Tomcat started on port 8081 (http) with context path ''
"2024-11-12 21:58:52 INFO --- [main] com.example.ebookdemo.config.EbookDemoApplication : Started EbookDemoApplication in 2.368 seconds (process running for 3.555)
"2024-11-12 21:58:52 INFO --- [main] com.example.ebookdemo.config.EbookDemoApplication : 启动成功！！
"2024-11-12 21:58:52 INFO --- [main] com.example.ebookdemo.config.EbookDemoApplication : 地址: 	http://127.0.0.1:8081
"2024-11-12 21:58:57 INFO --- [http-nio-8081-exec-2] org.apache.catalina.core.ContainerBase.[Tomcat].[localhost].[/] : Initializing Spring DispatcherServlet 'dispatcherServlet'
"2024-11-12 21:58:57 INFO --- [http-nio-8081-exec-2] org.springframework.web.servlet.DispatcherServlet : Initializing Servlet 'dispatcherServlet'
"2024-11-12 21:58:57 INFO --- [http-nio-8081-exec-2] org.springframework.web.servlet.DispatcherServlet : Completed initialization in 2 ms
"2024-11-12 21:58:57 INFO --- [http-nio-8081-exec-2] com.zaxxer.hikari.HikariDataSource : HikariPool-1 - Starting...
"2024-11-12 21:58:59 INFO --- [http-nio-8081-exec-3] com.zaxxer.hikari.HikariDataSource : HikariPool-1 - Starting...
"2024-11-12 21:59:21 INFO --- [main] com.example.ebookdemo.config.EbookDemoApplication : Starting EbookDemoApplication using Java 21.0.1 with PID 1404 (D:\practive_project\testPractice\EbookDemo\target\classes started by e1561 in D:\practive_project\testPractice\EbookDemo)
"2024-11-12 21:59:21 INFO --- [main] com.example.ebookdemo.config.EbookDemoApplication : No active profile set, falling back to 1 default profile: "default"
"2024-11-12 21:59:22 INFO --- [main] org.springframework.boot.web.embedded.tomcat.TomcatWebServer : Tomcat initialized with port 8081 (http)
"2024-11-12 21:59:22 INFO --- [main] org.apache.catalina.core.StandardService : Starting service [Tomcat]
"2024-11-12 21:59:22 INFO --- [main] org.apache.catalina.core.StandardEngine : Starting Servlet engine: [Apache Tomcat/10.1.31]
"2024-11-12 21:59:22 INFO --- [main] org.apache.catalina.core.ContainerBase.[Tomcat].[localhost].[/] : Initializing Spring embedded WebApplicationContext
"2024-11-12 21:59:22 INFO --- [main] org.springframework.boot.web.servlet.context.ServletWebServerApplicationContext : Root WebApplicationContext: initialization completed in 1276 ms
"2024-11-12 21:59:23 INFO --- [main] org.springframework.boot.web.embedded.tomcat.TomcatWebServer : Tomcat started on port 8081 (http) with context path ''
"2024-11-12 21:59:23 INFO --- [main] com.example.ebookdemo.config.EbookDemoApplication : Started EbookDemoApplication in 2.59 seconds (process running for 3.827)
"2024-11-12 21:59:23 INFO --- [main] com.example.ebookdemo.config.EbookDemoApplication : 启动成功！！
"2024-11-12 21:59:23 INFO --- [main] com.example.ebookdemo.config.EbookDemoApplication : 地址: 	http://127.0.0.1:8081
"2024-11-12 21:59:27 INFO --- [http-nio-8081-exec-1] org.apache.catalina.core.ContainerBase.[Tomcat].[localhost].[/] : Initializing Spring DispatcherServlet 'dispatcherServlet'
"2024-11-12 21:59:27 INFO --- [http-nio-8081-exec-1] org.springframework.web.servlet.DispatcherServlet : Initializing Servlet 'dispatcherServlet'
"2024-11-12 21:59:27 INFO --- [http-nio-8081-exec-1] org.springframework.web.servlet.DispatcherServlet : Completed initialization in 2 ms
"2024-11-12 21:59:27 INFO --- [http-nio-8081-exec-1] com.zaxxer.hikari.HikariDataSource : HikariPool-1 - Starting...
"2024-11-12 22:05:35 INFO --- [http-nio-8081-exec-2] com.zaxxer.hikari.HikariDataSource : HikariPool-1 - Starting...
"2024-11-12 22:08:35 INFO --- [main] com.example.ebookdemo.config.EbookDemoApplication : Starting EbookDemoApplication using Java 21.0.1 with PID 19328 (D:\practive_project\testPractice\EbookDemo\target\classes started by e1561 in D:\practive_project\testPractice\EbookDemo)
"2024-11-12 22:08:35 INFO --- [main] com.example.ebookdemo.config.EbookDemoApplication : No active profile set, falling back to 1 default profile: "default"
"2024-11-12 22:08:36 INFO --- [main] org.springframework.boot.web.embedded.tomcat.TomcatWebServer : Tomcat initialized with port 8081 (http)
"2024-11-12 22:08:36 INFO --- [main] org.apache.catalina.core.StandardService : Starting service [Tomcat]
"2024-11-12 22:08:36 INFO --- [main] org.apache.catalina.core.StandardEngine : Starting Servlet engine: [Apache Tomcat/10.1.31]
"2024-11-12 22:08:37 INFO --- [main] org.apache.catalina.core.ContainerBase.[Tomcat].[localhost].[/] : Initializing Spring embedded WebApplicationContext
"2024-11-12 22:08:37 INFO --- [main] org.springframework.boot.web.servlet.context.ServletWebServerApplicationContext : Root WebApplicationContext: initialization completed in 1153 ms
"2024-11-12 22:08:37 INFO --- [main] org.springframework.boot.web.embedded.tomcat.TomcatWebServer : Tomcat started on port 8081 (http) with context path ''
"2024-11-12 22:08:37 INFO --- [main] com.example.ebookdemo.config.EbookDemoApplication : Started EbookDemoApplication in 2.455 seconds (process running for 3.684)
"2024-11-12 22:08:37 INFO --- [main] com.example.ebookdemo.config.EbookDemoApplication : 启动成功！！
"2024-11-12 22:08:37 INFO --- [main] com.example.ebookdemo.config.EbookDemoApplication : 地址: 	http://127.0.0.1:8081
"2024-11-12 22:08:41 INFO --- [http-nio-8081-exec-1] org.apache.catalina.core.ContainerBase.[Tomcat].[localhost].[/] : Initializing Spring DispatcherServlet 'dispatcherServlet'
"2024-11-12 22:08:41 INFO --- [http-nio-8081-exec-1] org.springframework.web.servlet.DispatcherServlet : Initializing Servlet 'dispatcherServlet'
"2024-11-12 22:08:41 INFO --- [http-nio-8081-exec-1] org.springframework.web.servlet.DispatcherServlet : Completed initialization in 1 ms
"2024-11-12 22:08:41 INFO --- [http-nio-8081-exec-1] com.zaxxer.hikari.HikariDataSource : HikariPool-1 - Starting...
"2024-11-12 22:08:41 INFO --- [http-nio-8081-exec-1] com.zaxxer.hikari.pool.HikariPool : HikariPool-1 - Added connection com.mysql.cj.jdbc.ConnectionImpl@1f69d032
"2024-11-12 22:08:41 INFO --- [http-nio-8081-exec-1] com.zaxxer.hikari.HikariDataSource : HikariPool-1 - Start completed.
"2024-11-12 22:22:44 INFO --- [SpringApplicationShutdownHook] com.zaxxer.hikari.HikariDataSource : HikariPool-1 - Shutdown initiated...
"2024-11-12 22:22:44 INFO --- [SpringApplicationShutdownHook] com.zaxxer.hikari.HikariDataSource : HikariPool-1 - Shutdown completed.
"